__tests__/utils/unified-ui-mocks.ts(19,10): error TS1005: '>' expected.
__tests__/utils/unified-ui-mocks.ts(19,21): error TS1005: ')' expected.
__tests__/utils/unified-ui-mocks.ts(19,39): error TS1005: ',' expected.
__tests__/utils/unified-ui-mocks.ts(19,43): error TS1005: ',' expected.
__tests__/utils/unified-ui-mocks.ts(19,49): error TS1005: ',' expected.
__tests__/utils/unified-ui-mocks.ts(19,58): error TS1005: ',' expected.
__tests__/utils/unified-ui-mocks.ts(19,68): error TS1005: ',' expected.
__tests__/utils/unified-ui-mocks.ts(20,13): error TS1005: ',' expected.
__tests__/utils/unified-ui-mocks.ts(25,6): error TS1161: Unterminated regular expression literal.
__tests__/utils/unified-ui-mocks.ts(26,3): error TS1128: Declaration or statement expected.
__tests__/utils/unified-ui-mocks.ts(26,4): error TS1128: Declaration or statement expected.
__tests__/utils/unified-ui-mocks.ts(28,16): error TS1005: ';' expected.
__tests__/utils/unified-ui-mocks.ts(29,13): error TS1005: ';' expected.
__tests__/utils/unified-ui-mocks.ts(31,7): error TS1005: '>' expected.
__tests__/utils/unified-ui-mocks.ts(31,11): error TS1005: ')' expected.
__tests__/utils/unified-ui-mocks.ts(32,17): error TS1005: ';' expected.
__tests__/utils/unified-ui-mocks.ts(33,16): error TS1136: Property assignment expected.
__tests__/utils/unified-ui-mocks.ts(33,19): error TS1005: ';' expected.
__tests__/utils/unified-ui-mocks.ts(33,38): error TS1128: Declaration or statement expected.
__tests__/utils/unified-ui-mocks.ts(34,8): error TS1128: Declaration or statement expected.
__tests__/utils/unified-ui-mocks.ts(35,5): error TS1109: Expression expected.
__tests__/utils/unified-ui-mocks.ts(37,6): error TS1161: Unterminated regular expression literal.
__tests__/utils/unified-ui-mocks.ts(38,3): error TS1128: Declaration or statement expected.
__tests__/utils/unified-ui-mocks.ts(38,4): error TS1128: Declaration or statement expected.
__tests__/utils/unified-ui-mocks.ts(40,11): error TS1005: '>' expected.
__tests__/utils/unified-ui-mocks.ts(40,36): error TS1161: Unterminated regular expression literal.
__tests__/utils/unified-ui-mocks.ts(42,14): error TS1005: ';' expected.
__tests__/utils/unified-ui-mocks.ts(43,14): error TS1005: ';' expected.
__tests__/utils/unified-ui-mocks.ts(44,18): error TS1005: ';' expected.
__tests__/utils/unified-ui-mocks.ts(45,1): error TS1109: Expression expected.
__tests__/utils/unified-ui-mocks.ts(61,42): error TS1110: Type expected.
__tests__/utils/unified-ui-mocks.ts(61,54): error TS1161: Unterminated regular expression literal.
__tests__/utils/unified-ui-mocks.ts(62,3): error TS1005: ',' expected.
tests/fixtures/react_test_utils.tsx(1,3): error TS1005: ';' expected.
tests/fixtures/react_test_utils.tsx(1,47): error TS1002: Unterminated string literal.
tests/fixtures/react_test_utils.tsx(3,1): error TS1435: Unknown keyword or identifier. Did you mean 'export'?
tests/fixtures/react_test_utils.tsx(3,19): error TS1434: Unexpected keyword or identifier.
tests/fixtures/react_test_utils.tsx(3,40): error TS1005: ',' expected.
tests/fixtures/react_test_utils.tsx(3,54): error TS1005: ';' expected.
tests/fixtures/react_test_utils.tsx(4,1): error TS1434: Unexpected keyword or identifier.
tests/fixtures/react_test_utils.tsx(4,10): error TS1434: Unexpected keyword or identifier.
tests/fixtures/react_test_utils.tsx(4,23): error TS1434: Unexpected keyword or identifier.
tests/fixtures/react_test_utils.tsx(4,37): error TS1005: '(' expected.
tests/fixtures/react_test_utils.tsx(4,43): error TS1005: ';' expected.
tests/fixtures/react_test_utils.tsx(4,53): error TS1005: ';' expected.
tests/fixtures/react_test_utils.tsx(5,1): error TS1003: Identifier expected.
tests/fixtures/react_test_utils.tsx(5,3): error TS1005: ';' expected.
tests/fixtures/react_test_utils.tsx(5,4): error TS1002: Unterminated string literal.
