<?xml version="1.0" encoding="utf-8"?><testsuites><testsuite name="pytest" errors="11" failures="12" skipped="0" tests="24" time="1.958" timestamp="2025-07-01T11:23:05.037415" hostname="Matthews-MacBook-Air.local"><testcase classname="tests.unit.test_markov_blanket.TestAgentState" name="test_agent_state_creation" time="0.000"><failure message="TypeError: AgentState.__init__() got an unexpected keyword argument 'internal_states'">tests/unit/test_markov_blanket.py:37: in test_agent_state_creation
    state = AgentState(
E   TypeError: AgentState.__init__() got an unexpected keyword argument 'internal_states'</failure></testcase><testcase classname="tests.unit.test_markov_blanket.TestAgentState" name="test_agent_state_validation" time="0.000"><failure message="TypeError: AgentState.__init__() got an unexpected keyword argument 'internal_states'">tests/unit/test_markov_blanket.py:58: in test_agent_state_validation
    state = AgentState(
E   TypeError: AgentState.__init__() got an unexpected keyword argument 'internal_states'</failure></testcase><testcase classname="tests.unit.test_markov_blanket.TestAgentState" name="test_agent_state_normalization" time="0.000"><failure message="TypeError: AgentState.__init__() got an unexpected keyword argument 'internal_states'">tests/unit/test_markov_blanket.py:76: in test_agent_state_normalization
    state = AgentState(
E   TypeError: AgentState.__init__() got an unexpected keyword argument 'internal_states'</failure></testcase><testcase classname="tests.unit.test_markov_blanket.TestBoundaryViolationEvent" name="test_violation_event_creation" time="0.000"><failure message="NameError: name 'BoundaryViolationType' is not defined">tests/unit/test_markov_blanket.py:102: in test_violation_event_creation
    violation_type=BoundaryViolationType.SENSORY_OVERFLOW,
E   NameError: name 'BoundaryViolationType' is not defined</failure></testcase><testcase classname="tests.unit.test_markov_blanket.TestBoundaryViolationEvent" name="test_violation_types" time="0.000"><failure message="NameError: name 'BoundaryViolationType' is not defined">tests/unit/test_markov_blanket.py:127: in test_violation_types
    assert hasattr(BoundaryViolationType, violation_type)
E   NameError: name 'BoundaryViolationType' is not defined</failure></testcase><testcase classname="tests.unit.test_markov_blanket.TestBoundaryViolationEvent" name="test_violation_event_serialization" time="0.000"><failure message="NameError: name 'BoundaryViolationType' is not defined">tests/unit/test_markov_blanket.py:134: in test_violation_event_serialization
    violation_type=BoundaryViolationType.INTERNAL_INCONSISTENCY,
E   NameError: name 'BoundaryViolationType' is not defined</failure></testcase><testcase classname="tests.unit.test_markov_blanket.TestMarkovBlanketConfig" name="test_config_creation" time="0.000"><failure message="NameError: name 'MarkovBlanketConfig' is not defined">tests/unit/test_markov_blanket.py:163: in test_config_creation
    config = MarkovBlanketConfig(
E   NameError: name 'MarkovBlanketConfig' is not defined</failure></testcase><testcase classname="tests.unit.test_markov_blanket.TestMarkovBlanketConfig" name="test_config_defaults" time="0.000"><failure message="NameError: name 'MarkovBlanketConfig' is not defined">tests/unit/test_markov_blanket.py:183: in test_config_defaults
    config = MarkovBlanketConfig()
E   NameError: name 'MarkovBlanketConfig' is not defined</failure></testcase><testcase classname="tests.unit.test_markov_blanket.TestMarkovBlanketConfig" name="test_config_validation" time="0.000"><failure message="NameError: name 'MarkovBlanketConfig' is not defined">tests/unit/test_markov_blanket.py:197: in test_config_validation
    MarkovBlanketConfig(boundary_threshold=1.5)  # Should be &lt;= 1.0
E   NameError: name 'MarkovBlanketConfig' is not defined</failure></testcase><testcase classname="tests.unit.test_markov_blanket.TestMarkovBlanketInterface" name="test_interface_is_abstract" time="0.000" /><testcase classname="tests.unit.test_markov_blanket.TestMarkovBlanketInterface" name="test_interface_methods" time="0.000"><failure message="AssertionError: assert False&#10; +  where False = hasattr(MarkovBlanketInterface, 'update_boundary')">tests/unit/test_markov_blanket.py:222: in test_interface_methods
    assert hasattr(MarkovBlanketInterface, method_name)
E   AssertionError: assert False
E    +  where False = hasattr(MarkovBlanketInterface, 'update_boundary')</failure></testcase><testcase classname="tests.unit.test_markov_blanket.TestActiveInferenceMarkovBlanket" name="test_markov_blanket_initialization" time="0.000"><error message="failed on setup with &quot;NameError: name 'MarkovBlanketConfig' is not defined&quot;">tests/unit/test_markov_blanket.py:230: in setup_method
    self.config = MarkovBlanketConfig(
E   NameError: name 'MarkovBlanketConfig' is not defined</error></testcase><testcase classname="tests.unit.test_markov_blanket.TestActiveInferenceMarkovBlanket" name="test_pymdp_integration" time="0.000"><error message="failed on setup with &quot;NameError: name 'MarkovBlanketConfig' is not defined&quot;">tests/unit/test_markov_blanket.py:230: in setup_method
    self.config = MarkovBlanketConfig(
E   NameError: name 'MarkovBlanketConfig' is not defined</error></testcase><testcase classname="tests.unit.test_markov_blanket.TestActiveInferenceMarkovBlanket" name="test_update_boundary" time="0.000"><error message="failed on setup with &quot;NameError: name 'MarkovBlanketConfig' is not defined&quot;">tests/unit/test_markov_blanket.py:230: in setup_method
    self.config = MarkovBlanketConfig(
E   NameError: name 'MarkovBlanketConfig' is not defined</error></testcase><testcase classname="tests.unit.test_markov_blanket.TestActiveInferenceMarkovBlanket" name="test_boundary_violation_detection" time="0.000"><error message="failed on setup with &quot;NameError: name 'MarkovBlanketConfig' is not defined&quot;">tests/unit/test_markov_blanket.py:230: in setup_method
    self.config = MarkovBlanketConfig(
E   NameError: name 'MarkovBlanketConfig' is not defined</error></testcase><testcase classname="tests.unit.test_markov_blanket.TestActiveInferenceMarkovBlanket" name="test_boundary_integrity_check" time="0.000"><error message="failed on setup with &quot;NameError: name 'MarkovBlanketConfig' is not defined&quot;">tests/unit/test_markov_blanket.py:230: in setup_method
    self.config = MarkovBlanketConfig(
E   NameError: name 'MarkovBlanketConfig' is not defined</error></testcase><testcase classname="tests.unit.test_markov_blanket.TestActiveInferenceMarkovBlanket" name="test_statistical_independence_check" time="0.000"><error message="failed on setup with &quot;NameError: name 'MarkovBlanketConfig' is not defined&quot;">tests/unit/test_markov_blanket.py:230: in setup_method
    self.config = MarkovBlanketConfig(
E   NameError: name 'MarkovBlanketConfig' is not defined</error></testcase><testcase classname="tests.unit.test_markov_blanket.TestActiveInferenceMarkovBlanket" name="test_violation_history_management" time="0.000"><error message="failed on setup with &quot;NameError: name 'MarkovBlanketConfig' is not defined&quot;">tests/unit/test_markov_blanket.py:230: in setup_method
    self.config = MarkovBlanketConfig(
E   NameError: name 'MarkovBlanketConfig' is not defined</error></testcase><testcase classname="tests.unit.test_markov_blanket.TestBoundaryMonitor" name="test_monitor_initialization" time="0.000"><error message="failed on setup with &quot;NameError: name 'MarkovBlanketConfig' is not defined&quot;">tests/unit/test_markov_blanket.py:418: in setup_method
    self.config = MarkovBlanketConfig(monitoring_interval=0.01)
E   NameError: name 'MarkovBlanketConfig' is not defined</error></testcase><testcase classname="tests.unit.test_markov_blanket.TestBoundaryMonitor" name="test_violation_callback_registration" time="0.000"><error message="failed on setup with &quot;NameError: name 'MarkovBlanketConfig' is not defined&quot;">tests/unit/test_markov_blanket.py:418: in setup_method
    self.config = MarkovBlanketConfig(monitoring_interval=0.01)
E   NameError: name 'MarkovBlanketConfig' is not defined</error></testcase><testcase classname="tests.unit.test_markov_blanket.TestBoundaryMonitor" name="test_start_stop_monitoring" time="0.000"><error message="failed on setup with &quot;NameError: name 'MarkovBlanketConfig' is not defined&quot;">tests/unit/test_markov_blanket.py:418: in setup_method
    self.config = MarkovBlanketConfig(monitoring_interval=0.01)
E   NameError: name 'MarkovBlanketConfig' is not defined</error></testcase><testcase classname="tests.unit.test_markov_blanket.TestBoundaryMonitor" name="test_monitoring_thread_safety" time="0.000"><error message="failed on setup with &quot;NameError: name 'MarkovBlanketConfig' is not defined&quot;">tests/unit/test_markov_blanket.py:418: in setup_method
    self.config = MarkovBlanketConfig(monitoring_interval=0.01)
E   NameError: name 'MarkovBlanketConfig' is not defined</error></testcase><testcase classname="tests.unit.test_markov_blanket.TestMarkovBlanketIntegration" name="test_full_boundary_workflow" time="0.000"><failure message="NameError: name 'MarkovBlanketConfig' is not defined">tests/unit/test_markov_blanket.py:519: in test_full_boundary_workflow
    config = MarkovBlanketConfig(
E   NameError: name 'MarkovBlanketConfig' is not defined</failure></testcase><testcase classname="tests.unit.test_markov_blanket.TestMarkovBlanketIntegration" name="test_pymdp_integration_workflow" time="0.000"><failure message="NameError: name 'MarkovBlanketConfig' is not defined">tests/unit/test_markov_blanket.py:584: in test_pymdp_integration_workflow
    config = MarkovBlanketConfig(
E   NameError: name 'MarkovBlanketConfig' is not defined</failure></testcase></testsuite></testsuites>