<?xml version="1.0" encoding="utf-8"?><testsuites><testsuite name="pytest" errors="6" failures="14" skipped="0" tests="48" time="1.931" timestamp="2025-07-01T11:21:56.070327" hostname="Matthews-MacBook-Air.local"><testcase classname="tests.unit.test_behaviors.TestBehaviorPriority" name="test_priority_values" time="0.000" /><testcase classname="tests.unit.test_behaviors.TestBehaviorPriority" name="test_priority_ordering" time="0.000" /><testcase classname="tests.unit.test_behaviors.TestBehaviorStatus" name="test_status_values" time="0.000" /><testcase classname="tests.unit.test_behaviors.TestBaseBehavior" name="test_behavior_initialization" time="0.000" /><testcase classname="tests.unit.test_behaviors.TestBaseBehavior" name="test_behavior_with_cooldown" time="0.000" /><testcase classname="tests.unit.test_behaviors.TestBaseBehavior" name="test_can_execute_with_capabilities" time="0.001" /><testcase classname="tests.unit.test_behaviors.TestBaseBehavior" name="test_can_execute_without_capabilities" time="0.000" /><testcase classname="tests.unit.test_behaviors.TestBaseBehavior" name="test_can_execute_insufficient_energy" time="0.000"><failure message="NameError: name 'patch' is not defined">tests/unit/test_behaviors.py:139: in test_can_execute_insufficient_energy
    with patch.object(base_behavior, "get_energy_cost", return_value=10.0):
E   NameError: name 'patch' is not defined</failure></testcase><testcase classname="tests.unit.test_behaviors.TestBaseBehavior" name="test_can_execute_cooldown_active" time="0.000" /><testcase classname="tests.unit.test_behaviors.TestBaseBehavior" name="test_can_execute_cooldown_expired" time="0.000" /><testcase classname="tests.unit.test_behaviors.TestBaseBehavior" name="test_execute_success" time="0.000"><failure message="NameError: name 'patch' is not defined">tests/unit/test_behaviors.py:166: in test_execute_success
    with patch.object(base_behavior, "_execute_custom", return_value={"success": True}):
E   NameError: name 'patch' is not defined</failure></testcase><testcase classname="tests.unit.test_behaviors.TestBaseBehavior" name="test_execute_failure" time="0.001"><failure message="NameError: name 'patch' is not defined">tests/unit/test_behaviors.py:176: in test_execute_failure
    with patch.object(base_behavior, "_execute_custom", return_value={"success": False}):
E   NameError: name 'patch' is not defined</failure></testcase><testcase classname="tests.unit.test_behaviors.TestBaseBehavior" name="test_execute_exception_handling" time="0.001"><failure message="NameError: name 'patch' is not defined">tests/unit/test_behaviors.py:185: in test_execute_exception_handling
    with patch.object(base_behavior, "_execute_custom", side_effect=Exception("Test error")):
E   NameError: name 'patch' is not defined</failure></testcase><testcase classname="tests.unit.test_behaviors.TestBaseBehavior" name="test_energy_consumption" time="0.000"><failure message="NameError: name 'patch' is not defined">tests/unit/test_behaviors.py:198: in test_energy_consumption
    with patch.object(base_behavior, "get_energy_cost", return_value=energy_cost):
E   NameError: name 'patch' is not defined</failure></testcase><testcase classname="tests.unit.test_behaviors.TestBaseBehavior" name="test_get_priority_base" time="0.000" /><testcase classname="tests.unit.test_behaviors.TestBaseBehavior" name="test_get_priority_with_modifiers" time="0.000"><failure message="NameError: name 'patch' is not defined">tests/unit/test_behaviors.py:214: in test_get_priority_with_modifiers
    with patch.object(base_behavior, "_get_priority_modifier", return_value=1.5):
E   NameError: name 'patch' is not defined</failure></testcase><testcase classname="tests.unit.test_behaviors.TestBaseBehavior" name="test_get_priority_clamped" time="0.001"><failure message="NameError: name 'patch' is not defined">tests/unit/test_behaviors.py:224: in test_get_priority_clamped
    with patch.object(base_behavior, "_get_priority_modifier", return_value=2.0):
E   NameError: name 'patch' is not defined</failure></testcase><testcase classname="tests.unit.test_behaviors.TestBaseBehavior" name="test_personality_modifier" time="0.000" /><testcase classname="tests.unit.test_behaviors.TestBaseBehavior" name="test_default_energy_cost" time="0.000" /><testcase classname="tests.unit.test_behaviors.TestBaseBehavior" name="test_custom_execution_methods" time="0.000" /><testcase classname="tests.unit.test_behaviors.TestIdleBehavior" name="test_idle_initialization" time="0.000" /><testcase classname="tests.unit.test_behaviors.TestIdleBehavior" name="test_idle_can_always_execute" time="0.000" /><testcase classname="tests.unit.test_behaviors.TestIdleBehavior" name="test_idle_execute" time="0.000" /><testcase classname="tests.unit.test_behaviors.TestWanderBehavior" name="test_wander_initialization" time="0.000" /><testcase classname="tests.unit.test_behaviors.TestWanderBehavior" name="test_wander_can_execute_valid_status" time="0.000" /><testcase classname="tests.unit.test_behaviors.TestWanderBehavior" name="test_wander_cannot_execute_invalid_status" time="0.000" /><testcase classname="tests.unit.test_behaviors.TestWanderBehavior" name="test_wander_execute_success" time="0.000"><failure message="NameError: name 'patch' is not defined">tests/unit/test_behaviors.py:376: in test_wander_execute_success
    with patch("agents.base.behaviors.random.uniform") as mock_uniform:
E   NameError: name 'patch' is not defined</failure></testcase><testcase classname="tests.unit.test_behaviors.TestWanderBehavior" name="test_wander_execute_invalid_position" time="0.001" /><testcase classname="tests.unit.test_behaviors.TestWanderBehavior" name="test_wander_execute_without_world_interface" time="0.000" /><testcase classname="tests.unit.test_behaviors.TestWanderBehavior" name="test_wander_energy_cost" time="0.000" /><testcase classname="tests.unit.test_behaviors.TestGoalSeekingBehavior" name="test_goal_seeking_initialization" time="0.000" /><testcase classname="tests.unit.test_behaviors.TestGoalSeekingBehavior" name="test_goal_seeking_can_execute_with_goal" time="0.000" /><testcase classname="tests.unit.test_behaviors.TestGoalSeekingBehavior" name="test_goal_seeking_cannot_execute_without_goal" time="0.000" /><testcase classname="tests.unit.test_behaviors.TestGoalSeekingBehavior" name="test_goal_seeking_execute_with_goal" time="0.000"><failure message="NameError: name 'patch' is not defined">tests/unit/test_behaviors.py:498: in test_goal_seeking_execute_with_goal
    with patch("agents.base.behaviors.Action") as mock_action_class:
E   NameError: name 'patch' is not defined</failure></testcase><testcase classname="tests.unit.test_behaviors.TestGoalSeekingBehavior" name="test_goal_seeking_execute_without_goal" time="0.000" /><testcase classname="tests.unit.test_behaviors.TestSocialInteractionBehavior" name="test_social_initialization" time="0.000"><error message="failed on setup with &quot;NameError: name 'SocialInteractionBehavior' is not defined&quot;">tests/unit/test_behaviors.py:522: in social_behavior
    return SocialInteractionBehavior()
E   NameError: name 'SocialInteractionBehavior' is not defined</error></testcase><testcase classname="tests.unit.test_behaviors.TestSocialInteractionBehavior" name="test_social_can_execute_with_nearby_agents" time="0.000"><error message="failed on setup with &quot;NameError: name 'SocialInteractionBehavior' is not defined&quot;">tests/unit/test_behaviors.py:522: in social_behavior
    return SocialInteractionBehavior()
E   NameError: name 'SocialInteractionBehavior' is not defined</error></testcase><testcase classname="tests.unit.test_behaviors.TestSocialInteractionBehavior" name="test_social_cannot_execute_without_nearby_agents" time="0.000"><error message="failed on setup with &quot;NameError: name 'SocialInteractionBehavior' is not defined&quot;">tests/unit/test_behaviors.py:522: in social_behavior
    return SocialInteractionBehavior()
E   NameError: name 'SocialInteractionBehavior' is not defined</error></testcase><testcase classname="tests.unit.test_behaviors.TestSocialInteractionBehavior" name="test_social_execute_with_agents" time="0.000"><error message="failed on setup with &quot;NameError: name 'SocialInteractionBehavior' is not defined&quot;">tests/unit/test_behaviors.py:522: in social_behavior
    return SocialInteractionBehavior()
E   NameError: name 'SocialInteractionBehavior' is not defined</error></testcase><testcase classname="tests.unit.test_behaviors.TestExplorationBehavior" name="test_exploration_initialization" time="0.000" /><testcase classname="tests.unit.test_behaviors.TestExplorationBehavior" name="test_exploration_can_execute" time="0.000" /><testcase classname="tests.unit.test_behaviors.TestExplorationBehavior" name="test_exploration_execute" time="0.001"><failure message="AssertionError: assert 'exploration_target' in {'action': Action(action_type=&lt;ActionType.MOVE: 'move'&gt;, target=Position(x=-0.8907519766633474, y=5.239549913444829, z=0.0), parameters={'movement_type': 'exploration', 'direction': 1.7391917689536156}, cost=0.0, duration=0.0, utility=0.0, expected_utility=0.0, effects={}, prerequisites=[]), 'exploration_direction': 1.7391917689536156, 'success': True}">tests/unit/test_behaviors.py:628: in test_exploration_execute
    assert "exploration_target" in result
E   AssertionError: assert 'exploration_target' in {'action': Action(action_type=&lt;ActionType.MOVE: 'move'&gt;, target=Position(x=-0.8907519766633474, y=5.239549913444829, z=0.0), parameters={'movement_type': 'exploration', 'direction': 1.7391917689536156}, cost=0.0, duration=0.0, utility=0.0, expected_utility=0.0, effects={}, prerequisites=[]), 'exploration_direction': 1.7391917689536156, 'success': True}</failure></testcase><testcase classname="tests.unit.test_behaviors.TestBehaviorTreeManager" name="test_manager_initialization" time="0.000"><failure message="AssertionError: assert False&#10; +  where False = hasattr(&lt;agents.base.behaviors.BehaviorTreeManager object at 0x129fe5400&gt;, 'current_behavior')">tests/unit/test_behaviors.py:672: in test_manager_initialization
    assert hasattr(behavior_manager, "current_behavior")
E   AssertionError: assert False
E    +  where False = hasattr(&lt;agents.base.behaviors.BehaviorTreeManager object at 0x129fe5400&gt;, 'current_behavior')</failure></testcase><testcase classname="tests.unit.test_behaviors.TestBehaviorTreeManager" name="test_add_behavior" time="0.000"><error message="failed on setup with &quot;NameError: name 'SocialInteractionBehavior' is not defined&quot;">tests/unit/test_behaviors.py:646: in sample_behaviors
    SocialInteractionBehavior(),
E   NameError: name 'SocialInteractionBehavior' is not defined</error></testcase><testcase classname="tests.unit.test_behaviors.TestBehaviorTreeManager" name="test_execute_behavior_tree" time="0.000"><error message="failed on setup with &quot;NameError: name 'SocialInteractionBehavior' is not defined&quot;">tests/unit/test_behaviors.py:646: in sample_behaviors
    SocialInteractionBehavior(),
E   NameError: name 'SocialInteractionBehavior' is not defined</error></testcase><testcase classname="tests.unit.test_behaviors.TestBehaviorIntegration" name="test_complete_behavior_workflow" time="0.000"><failure message="AttributeError: 'BehaviorTreeManager' object has no attribute 'execute'">tests/unit/test_behaviors.py:731: in test_complete_behavior_workflow
    result = manager.execute(agent, context)
E   AttributeError: 'BehaviorTreeManager' object has no attribute 'execute'</failure></testcase><testcase classname="tests.unit.test_behaviors.TestBehaviorIntegration" name="test_behavior_energy_management" time="0.001"><failure message="assert False == True">tests/unit/test_behaviors.py:753: in test_behavior_energy_management
    assert can_execute == True
E   assert False == True</failure></testcase><testcase classname="tests.unit.test_behaviors.TestBehaviorIntegration" name="test_behavior_cooldown_system" time="0.001"><failure message="AssertionError: assert False == True&#10; +  where False = &lt;bound method BaseBehavior.can_execute of &lt;agents.base.behaviors.WanderBehavior object at 0x1055093d0&gt;&gt;(&lt;Mock spec='Agent' id='4999500800'&gt;, {})&#10; +    where &lt;bound method BaseBehavior.can_execute of &lt;agents.base.behaviors.WanderBehavior object at 0x1055093d0&gt;&gt; = &lt;agents.base.behaviors.WanderBehavior object at 0x1055093d0&gt;.can_execute">tests/unit/test_behaviors.py:775: in test_behavior_cooldown_system
    assert behavior.can_execute(agent, context) == True
E   AssertionError: assert False == True
E    +  where False = &lt;bound method BaseBehavior.can_execute of &lt;agents.base.behaviors.WanderBehavior object at 0x1055093d0&gt;&gt;(&lt;Mock spec='Agent' id='4999500800'&gt;, {})
E    +    where &lt;bound method BaseBehavior.can_execute of &lt;agents.base.behaviors.WanderBehavior object at 0x1055093d0&gt;&gt; = &lt;agents.base.behaviors.WanderBehavior object at 0x1055093d0&gt;.can_execute</failure></testcase></testsuite></testsuites>