<?xml version="1.0" encoding="utf-8"?><testsuites><testsuite name="pytest" errors="0" failures="4" skipped="0" tests="9" time="2.972" timestamp="2025-07-01T11:19:52.987123" hostname="Matthews-MacBook-Air.local"><testcase classname="tests.unit.test_import_exercise_coverage" name="test_agent_imports_exercise" time="1.262"><failure message="TypeError: Memory.__init__() missing 4 required positional arguments: 'memory_id', 'memory_type', 'content', and 'timestamp'">tests/unit/test_import_exercise_coverage.py:37: in test_agent_imports_exercise
    memory = Memory()
E   TypeError: Memory.__init__() missing 4 required positional arguments: 'memory_id', 'memory_type', 'content', and 'timestamp'</failure></testcase><testcase classname="tests.unit.test_import_exercise_coverage" name="test_world_imports_exercise" time="0.025" /><testcase classname="tests.unit.test_import_exercise_coverage" name="test_inference_imports_exercise" time="0.806"><failure message="TypeError: LayerConfig.__init__() missing 2 required positional arguments: 'in_channels' and 'out_channels'">tests/unit/test_import_exercise_coverage.py:111: in test_inference_imports_exercise
    layer_config = LayerConfig()
E   TypeError: LayerConfig.__init__() missing 2 required positional arguments: 'in_channels' and 'out_channels'</failure></testcase><testcase classname="tests.unit.test_import_exercise_coverage" name="test_coalition_imports_exercise" time="0.008" /><testcase classname="tests.unit.test_import_exercise_coverage" name="test_torch_tensor_operations" time="0.020" /><testcase classname="tests.unit.test_import_exercise_coverage" name="test_numpy_operations" time="0.000" /><testcase classname="tests.unit.test_import_exercise_coverage" name="test_exercise_class_methods" time="0.000"><failure message="TypeError: GCNLayer.__init__() got an unexpected keyword argument 'in_features'">tests/unit/test_import_exercise_coverage.py:236: in test_exercise_class_methods
    gcn = GCNLayer(in_features=6, out_features=12)
E   TypeError: GCNLayer.__init__() got an unexpected keyword argument 'in_features'</failure></testcase><testcase classname="tests.unit.test_import_exercise_coverage" name="test_exercise_enum_values" time="0.000"><failure message="AttributeError: type object 'PerceptionType' has no attribute 'SPATIAL'">tests/unit/test_import_exercise_coverage.py:307: in test_exercise_enum_values
    perception_types = [PerceptionType.VISUAL, PerceptionType.AUDITORY, PerceptionType.SPATIAL]
E   AttributeError: type object 'PerceptionType' has no attribute 'SPATIAL'</failure></testcase><testcase classname="tests.unit.test_import_exercise_coverage" name="test_exercise_complex_operations" time="0.014" /></testsuite></testsuites>