<?xml version="1.0" encoding="utf-8"?><testsuites><testsuite name="pytest" errors="0" failures="3" skipped="0" tests="15" time="1.902" timestamp="2025-07-01T11:24:02.653339" hostname="Matthews-MacBook-Air.local"><testcase classname="tests.unit.test_state_manager.TestStateTransitionValidator" name="test_get_valid_transitions" time="0.000" /><testcase classname="tests.unit.test_state_manager.TestStateTransitionValidator" name="test_invalid_transitions" time="0.000" /><testcase classname="tests.unit.test_state_manager.TestStateTransitionValidator" name="test_valid_transitions" time="0.000" /><testcase classname="tests.unit.test_state_manager.TestAgentStateManager" name="test_agent_registration" time="0.000" /><testcase classname="tests.unit.test_state_manager.TestAgentStateManager" name="test_batch_update" time="0.000" /><testcase classname="tests.unit.test_state_manager.TestAgentStateManager" name="test_position_update" time="0.000"><failure message="AttributeError: type object 'StateEventType' has no attribute 'POSITION_UPDATED'. Did you mean: 'POSITION_UPDATE'?">tests/unit/test_state_manager.py:131: in test_position_update
    e for e in self.test_observer.events if e.event_type == StateEventType.POSITION_UPDATED
E   AttributeError: type object 'StateEventType' has no attribute 'POSITION_UPDATED'. Did you mean: 'POSITION_UPDATE'?</failure></testcase><testcase classname="tests.unit.test_state_manager.TestAgentStateManager" name="test_resource_updates" time="0.000" /><testcase classname="tests.unit.test_state_manager.TestAgentStateManager" name="test_state_history" time="0.000"><failure message="AttributeError: type object 'StateEventType' has no attribute 'STATUS_CHANGED'. Did you mean: 'STATUS_CHANGE'?">tests/unit/test_state_manager.py:181: in test_state_history
    event_type=StateEventType.STATUS_CHANGED
E   AttributeError: type object 'StateEventType' has no attribute 'STATUS_CHANGED'. Did you mean: 'STATUS_CHANGE'?</failure></testcase><testcase classname="tests.unit.test_state_manager.TestAgentStateManager" name="test_state_summary" time="0.000" /><testcase classname="tests.unit.test_state_manager.TestAgentStateManager" name="test_status_update_forced" time="0.000" /><testcase classname="tests.unit.test_state_manager.TestAgentStateManager" name="test_status_update_invalid" time="0.000" /><testcase classname="tests.unit.test_state_manager.TestAgentStateManager" name="test_status_update_valid" time="0.000"><failure message="AttributeError: type object 'StateEventType' has no attribute 'STATUS_CHANGED'. Did you mean: 'STATUS_CHANGE'?">tests/unit/test_state_manager.py:101: in test_status_update_valid
    self.assertEqual(events[0].event_type, StateEventType.STATUS_CHANGED)
E   AttributeError: type object 'StateEventType' has no attribute 'STATUS_CHANGED'. Did you mean: 'STATUS_CHANGE'?</failure></testcase><testcase classname="tests.unit.test_state_manager.TestAgentStateManager" name="test_thread_safety" time="0.001" /><testcase classname="tests.unit.test_state_manager.TestAgentStateManager" name="test_transition_callbacks" time="0.000" /><testcase classname="tests.unit.test_state_manager.TestStateMonitor" name="test_condition_monitoring" time="0.208" /></testsuite></testsuites>