<?xml version="1.0" encoding="utf-8"?><testsuites><testsuite name="pytest" errors="0" failures="4" skipped="0" tests="13" time="2.898" timestamp="2025-07-01T11:23:08.072434" hostname="Matthews-MacBook-Air.local"><testcase classname="tests.unit.test_incremental_backend_imports" name="test_basic_imports" time="0.670" /><testcase classname="tests.unit.test_incremental_backend_imports" name="test_world_module_imports" time="1.187" /><testcase classname="tests.unit.test_incremental_backend_imports" name="test_inference_basic_imports" time="0.000" /><testcase classname="tests.unit.test_incremental_backend_imports" name="test_inference_gnn_imports" time="0.903" /><testcase classname="tests.unit.test_incremental_backend_imports" name="test_coalition_imports" time="0.006"><failure message="Failed: Failed to import Coalition: No module named 'coalitions.core'">tests/unit/test_incremental_backend_imports.py:113: in test_coalition_imports
    importlib.import_module("coalitions.core.coalition")
/Library/Frameworks/Python.framework/Versions/3.13/lib/python3.13/importlib/__init__.py:88: in import_module
    return _bootstrap._gcd_import(name[level:], package, level)
&lt;frozen importlib._bootstrap&gt;:1387: in _gcd_import
    ???
&lt;frozen importlib._bootstrap&gt;:1360: in _find_and_load
    ???
&lt;frozen importlib._bootstrap&gt;:1310: in _find_and_load_unlocked
    ???
&lt;frozen importlib._bootstrap&gt;:488: in _call_with_frames_removed
    ???
&lt;frozen importlib._bootstrap&gt;:1387: in _gcd_import
    ???
&lt;frozen importlib._bootstrap&gt;:1360: in _find_and_load
    ???
&lt;frozen importlib._bootstrap&gt;:1324: in _find_and_load_unlocked
    ???
E   ModuleNotFoundError: No module named 'coalitions.core'

During handling of the above exception, another exception occurred:
tests/unit/test_incremental_backend_imports.py:116: in test_coalition_imports
    pytest.fail(f"Failed to import Coalition: {e}")
E   Failed: Failed to import Coalition: No module named 'coalitions.core'</failure></testcase><testcase classname="tests.unit.test_incremental_backend_imports" name="test_agent_basic_imports" time="0.000" /><testcase classname="tests.unit.test_incremental_backend_imports" name="test_agent_logger_import" time="0.000" /><testcase classname="tests.unit.test_incremental_backend_imports" name="test_base_agent_import" time="0.000" /><testcase classname="tests.unit.test_incremental_backend_imports" name="test_memory_imports" time="0.000" /><testcase classname="tests.unit.test_incremental_backend_imports" name="test_perception_imports" time="0.000" /><testcase classname="tests.unit.test_incremental_backend_imports" name="test_functional_world_classes" time="0.000"><failure message="AttributeError: 'GridPosition' object has no attribute 'distance_to'">tests/unit/test_incremental_backend_imports.py:245: in test_functional_world_classes
    distance = pos1.distance_to(pos2)
E   AttributeError: 'GridPosition' object has no attribute 'distance_to'</failure></testcase><testcase classname="tests.unit.test_incremental_backend_imports" name="test_functional_inference_classes" time="0.000"><failure message="AttributeError: 'ActiveInferenceEngine' object has no attribute 'initialize'">tests/unit/test_incremental_backend_imports.py:292: in test_functional_inference_classes
    ai_engine.initialize()
E   AttributeError: 'ActiveInferenceEngine' object has no attribute 'initialize'</failure></testcase><testcase classname="tests.unit.test_incremental_backend_imports" name="test_functional_memory_classes" time="0.000"><failure message="TypeError: Experience.__init__() got an unexpected keyword argument 'content'">tests/unit/test_incremental_backend_imports.py:339: in test_functional_memory_classes
    exp = Experience(
E   TypeError: Experience.__init__() got an unexpected keyword argument 'content'</failure></testcase></testsuite></testsuites>