__tests__/components/conversation/conversation-orchestration.test.tsx(482,11): error TS2322: Type '{ messages: { id: string; senderId: string; content: string; timestamp: Date; type: "text"; }[]; agents: Agent[]; height: number; scrollToIndex: number; }' is not assignable to type 'IntrinsicAttributes & VirtualizedMessageListProps'.
  Property 'scrollToIndex' does not exist on type 'IntrinsicAttributes & VirtualizedMessageListProps'.
__tests__/components/conversation/conversation-orchestration.test.tsx(501,11): error TS2322: Type '{ messages: { id: string; senderId: string; content: string; timestamp: Date; type: "text"; }[]; agents: Agent[]; height: number; itemHeight: (index: number) => 120 | 80; }' is not assignable to type 'IntrinsicAttributes & VirtualizedMessageListProps'.
  Property 'itemHeight' does not exist on type 'IntrinsicAttributes & VirtualizedMessageListProps'.
__tests__/components/conversation/conversation-orchestration.test.tsx(517,11): error TS2322: Type '{ messages: { id: string; senderId: string; content: string; timestamp: Date; type: "text"; }[]; agents: Agent[]; height: number; onMessageAction: Mock<any, any, any>; }' is not assignable to type 'IntrinsicAttributes & VirtualizedMessageListProps'.
  Property 'onMessageAction' does not exist on type 'IntrinsicAttributes & VirtualizedMessageListProps'.
__tests__/components/conversation/conversation-orchestration.test.tsx(677,11): error TS2322: Type '{ conversations: { id: string; participants: string[]; messages: { id: string; senderId: string; content: string; timestamp: Date; type: "text"; }[]; startTime: Date; lastActivityTime: Date; status: "active"; endTime: any; metadata: { ...; }; }[]; ... 4 more ...; enableAdvancedSearch: true; }' is not assignable to type 'IntrinsicAttributes & ConversationSearchProps'.
  Property 'enableAdvancedSearch' does not exist on type 'IntrinsicAttributes & ConversationSearchProps'.
__tests__/components/conversation/conversation-orchestration.test.tsx(714,11): error TS2322: Type '{ conversations: { id: string; participants: string[]; messages: { id: string; senderId: string; content: string; timestamp: Date; type: "text"; }[]; startTime: Date; lastActivityTime: Date; status: "active"; endTime: any; metadata: { ...; }; }[]; ... 4 more ...; highlightResults: true; }' is not assignable to type 'IntrinsicAttributes & ConversationSearchProps'.
  Property 'highlightResults' does not exist on type 'IntrinsicAttributes & ConversationSearchProps'.
__tests__/components/conversation/conversation-orchestration.test.tsx(723,26): error TS2339: Property 'value' does not exist on type 'HTMLElement'.
__tests__/components/conversation/conversation-orchestration.test.tsx(790,11): error TS2322: Type '{ conversations: { id: string; participants: string[]; messages: { id: string; senderId: string; content: string; timestamp: Date; type: "text"; }[]; startTime: Date; lastActivityTime: Date; status: "active"; endTime: any; metadata: { ...; }; }[]; ... 4 more ...; debounceMs: number; }' is not assignable to type 'IntrinsicAttributes & ConversationSearchProps'.
  Property 'debounceMs' does not exist on type 'IntrinsicAttributes & ConversationSearchProps'.
__tests__/components/conversation/conversation-orchestration.test.tsx(801,26): error TS2339: Property 'value' does not exist on type 'HTMLElement'.
__tests__/components/dashboard/AgentPanel.integration.test.tsx(114,7): error TS2353: Object literal may only specify known properties, and 'agents' does not exist in type 'Reducer<{ agents: AgentState; conversations: ConversationState; ui: UIState; knowledge: KnowledgeState; connection: unknown; analytics: unknown; }, UnknownAction, any>'.
__tests__/components/dashboard/ConversationPanel.integration.test.tsx(440,15): error TS1355: A 'const' assertions can only be applied to references to enum members, or string, number, boolean, array, or object literals.
__tests__/components/dashboard/ConversationPanel.integration.test.tsx(473,9): error TS2300: Duplicate identifier 'scrollTop'.
__tests__/components/dashboard/ConversationPanel.integration.test.tsx(475,13): error TS1119: An object literal cannot have property and accessor with the same name.
__tests__/components/dashboard/ConversationPanel.integration.test.tsx(475,13): error TS2300: Duplicate identifier 'scrollTop'.
__tests__/components/dashboard/ConversationPanel.integration.test.tsx(478,13): error TS2300: Duplicate identifier 'scrollTop'.
__tests__/components/dashboard/KnowledgePanel.integration.test.tsx(40,7): error TS2353: Object literal may only specify known properties, and 'knowledge' does not exist in type 'Reducer<{ knowledge: KnowledgeState; agents: AgentState; conversations: ConversationState; ui: UIState; connection: unknown; analytics: unknown; }, UnknownAction, any>'.
__tests__/components/dashboard/KnowledgePanel.integration.test.tsx(144,19): error TS2540: Cannot assign to 'NODE_ENV' because it is a read-only property.
__tests__/components/dashboard/KnowledgePanel.integration.test.tsx(416,35): error TS2339: Property 'mockImplementationOnce' does not exist on type 'FC<KnowledgeGraphVisualizationProps>'.
__tests__/components/dashboard/KnowledgePanel.integration.test.tsx(529,19): error TS2540: Cannot assign to 'NODE_ENV' because it is a read-only property.
__tests__/components/dashboard/MetricsPanel.integration.test.tsx(80,7): error TS2353: Object literal may only specify known properties, and 'agents' does not exist in type 'Reducer<{ agents: AgentState; conversations: ConversationState; ui: UIState; knowledge: KnowledgeState; analytics: unknown; connection: unknown; }, UnknownAction, any>'.
__tests__/components/dashboard/MetricsPanel.integration.test.tsx(111,23): error TS2345: Argument of type '{ agents: { agents: {}; }; conversations: { conversations: {}; }; analytics: { metrics: {}; }; }' is not assignable to parameter of type '{ agents: AgentState; conversations: ConversationState; ui: UIState; connection: ConnectionState; knowledge: KnowledgeState; analytics: AnalyticsState; }'.
  Type '{ agents: { agents: {}; }; conversations: { conversations: {}; }; analytics: { metrics: {}; }; }' is missing the following properties from type '{ agents: AgentState; conversations: ConversationState; ui: UIState; connection: ConnectionState; knowledge: KnowledgeState; analytics: AnalyticsState; }': ui, connection, knowledge
__tests__/components/dashboard/MetricsPanel.integration.test.tsx(192,25): error TS2345: Argument of type '{ agents: { agents: { "agent-1": { id: string; name: string; status: string; }; "agent-2": { id: string; name: string; status: string; }; "agent-3": { id: string; name: string; status: string; }; }; }; conversations: { ...; }; analytics: { ...; }; }' is not assignable to parameter of type '{ agents: AgentState; conversations: ConversationState; ui: UIState; connection: ConnectionState; knowledge: KnowledgeState; analytics: AnalyticsState; }'.
  Type '{ agents: { agents: { "agent-1": { id: string; name: string; status: string; }; "agent-2": { id: string; name: string; status: string; }; "agent-3": { id: string; name: string; status: string; }; }; }; conversations: { ...; }; analytics: { ...; }; }' is missing the following properties from type '{ agents: AgentState; conversations: ConversationState; ui: UIState; connection: ConnectionState; knowledge: KnowledgeState; analytics: AnalyticsState; }': ui, connection, knowledge
__tests__/components/dashboard/MetricsPanel.integration.test.tsx(214,25): error TS2345: Argument of type '{ agents: { agents: { "agent-1": { id: string; name: string; status: string; }; "agent-2": { id: string; name: string; status: string; }; "agent-3": { id: string; name: string; status: string; }; }; }; conversations: { ...; }; analytics: { ...; }; }' is not assignable to parameter of type '{ agents: AgentState; conversations: ConversationState; ui: UIState; connection: ConnectionState; knowledge: KnowledgeState; analytics: AnalyticsState; }'.
  Type '{ agents: { agents: { "agent-1": { id: string; name: string; status: string; }; "agent-2": { id: string; name: string; status: string; }; "agent-3": { id: string; name: string; status: string; }; }; }; conversations: { ...; }; analytics: { ...; }; }' is missing the following properties from type '{ agents: AgentState; conversations: ConversationState; ui: UIState; connection: ConnectionState; knowledge: KnowledgeState; analytics: AnalyticsState; }': ui, connection, knowledge
__tests__/components/dashboard/MetricsPanel.integration.test.tsx(248,25): error TS2345: Argument of type '{ agents: { agents: {}; }; conversations: { conversations: { "conv-1": { id: string; messages: { id: string; content: string; }[]; }; "conv-2": { id: string; messages: { id: string; content: string; }[]; }; }; }; analytics: { ...; }; }' is not assignable to parameter of type '{ agents: AgentState; conversations: ConversationState; ui: UIState; connection: ConnectionState; knowledge: KnowledgeState; analytics: AnalyticsState; }'.
  Type '{ agents: { agents: {}; }; conversations: { conversations: { "conv-1": { id: string; messages: { id: string; content: string; }[]; }; "conv-2": { id: string; messages: { id: string; content: string; }[]; }; }; }; analytics: { ...; }; }' is missing the following properties from type '{ agents: AgentState; conversations: ConversationState; ui: UIState; connection: ConnectionState; knowledge: KnowledgeState; analytics: AnalyticsState; }': ui, connection, knowledge
__tests__/components/dashboard/MetricsPanel.integration.test.tsx(267,25): error TS2345: Argument of type '{ agents: { agents: {}; }; conversations: { conversations: {}; }; analytics: { metrics: { averageResponseTime: number; }; }; }' is not assignable to parameter of type '{ agents: AgentState; conversations: ConversationState; ui: UIState; connection: ConnectionState; knowledge: KnowledgeState; analytics: AnalyticsState; }'.
  Type '{ agents: { agents: {}; }; conversations: { conversations: {}; }; analytics: { metrics: { averageResponseTime: number; }; }; }' is missing the following properties from type '{ agents: AgentState; conversations: ConversationState; ui: UIState; connection: ConnectionState; knowledge: KnowledgeState; analytics: AnalyticsState; }': ui, connection, knowledge
__tests__/components/dashboard/MetricsPanel.integration.test.tsx(292,25): error TS2345: Argument of type '{ agents: { agents: {}; agentOrder: any[]; selectedAgentId: any; typingAgents: any[]; }; conversations: { conversations: {}; active: any; }; analytics: { metrics: {}; }; }' is not assignable to parameter of type '{ agents: AgentState; conversations: ConversationState; ui: UIState; connection: ConnectionState; knowledge: KnowledgeState; analytics: AnalyticsState; }'.
  Type '{ agents: { agents: {}; agentOrder: any[]; selectedAgentId: any; typingAgents: any[]; }; conversations: { conversations: {}; active: any; }; analytics: { metrics: {}; }; }' is missing the following properties from type '{ agents: AgentState; conversations: ConversationState; ui: UIState; connection: ConnectionState; knowledge: KnowledgeState; analytics: AnalyticsState; }': ui, connection, knowledge
__tests__/components/dashboard/MetricsPanel.integration.test.tsx(315,25): error TS2345: Argument of type '{ agents: { agents: {}; }; conversations: { conversations: { "conv-1": { id: string; }; }; }; analytics: { metrics: {}; }; }' is not assignable to parameter of type '{ agents: AgentState; conversations: ConversationState; ui: UIState; connection: ConnectionState; knowledge: KnowledgeState; analytics: AnalyticsState; }'.
  Type '{ agents: { agents: {}; }; conversations: { conversations: { "conv-1": { id: string; }; }; }; analytics: { metrics: {}; }; }' is missing the following properties from type '{ agents: AgentState; conversations: ConversationState; ui: UIState; connection: ConnectionState; knowledge: KnowledgeState; analytics: AnalyticsState; }': ui, connection, knowledge
__tests__/components/dashboard/MetricsPanel.integration.test.tsx(388,59): error TS2322: Type 'string' is not assignable to type 'DashboardView'.
__tests__/components/dashboard/MetricsPanel.integration.test.tsx(405,25): error TS2345: Argument of type '{ agents: { agents: { "agent-1": { id: string; status: string; }; }; }; conversations: { conversations: {}; }; analytics: { metrics: {}; }; }' is not assignable to parameter of type '{ agents: AgentState; conversations: ConversationState; ui: UIState; connection: ConnectionState; knowledge: KnowledgeState; analytics: AnalyticsState; }'.
  Type '{ agents: { agents: { "agent-1": { id: string; status: string; }; }; }; conversations: { conversations: {}; }; analytics: { metrics: {}; }; }' is missing the following properties from type '{ agents: AgentState; conversations: ConversationState; ui: UIState; connection: ConnectionState; knowledge: KnowledgeState; analytics: AnalyticsState; }': ui, connection, knowledge
__tests__/components/dashboard/MetricsPanel.integration.test.tsx(411,50): error TS2322: Type 'string' is not assignable to type 'DashboardView'.
__tests__/components/dashboard/MetricsPanel.integration.test.tsx(432,25): error TS2345: Argument of type '{ agents: { agents: { "agent-1": { id: string; status: string; }; }; }; conversations: { conversations: {}; }; analytics: { metrics: {}; }; }' is not assignable to parameter of type '{ agents: AgentState; conversations: ConversationState; ui: UIState; connection: ConnectionState; knowledge: KnowledgeState; analytics: AnalyticsState; }'.
  Type '{ agents: { agents: { "agent-1": { id: string; status: string; }; }; }; conversations: { conversations: {}; }; analytics: { metrics: {}; }; }' is missing the following properties from type '{ agents: AgentState; conversations: ConversationState; ui: UIState; connection: ConnectionState; knowledge: KnowledgeState; analytics: AnalyticsState; }': ui, connection, knowledge
__tests__/components/dashboard/MetricsPanel.integration.test.tsx(453,25): error TS2345: Argument of type '{ agents: { agents: { "agent-1": { id: string; status: string; }; "agent-2": { id: string; status: string; }; }; }; conversations: { conversations: {}; }; analytics: { metrics: {}; }; }' is not assignable to parameter of type '{ agents: AgentState; conversations: ConversationState; ui: UIState; connection: ConnectionState; knowledge: KnowledgeState; analytics: AnalyticsState; }'.
  Type '{ agents: { agents: { "agent-1": { id: string; status: string; }; "agent-2": { id: string; status: string; }; }; }; conversations: { conversations: {}; }; analytics: { metrics: {}; }; }' is missing the following properties from type '{ agents: AgentState; conversations: ConversationState; ui: UIState; connection: ConnectionState; knowledge: KnowledgeState; analytics: AnalyticsState; }': ui, connection, knowledge
__tests__/components/dashboard/MetricsPanel.integration.test.tsx(469,25): error TS2345: Argument of type '{ agents: any; conversations: any; analytics: any; }' is not assignable to parameter of type '{ agents: AgentState; conversations: ConversationState; ui: UIState; connection: ConnectionState; knowledge: KnowledgeState; analytics: AnalyticsState; }'.
  Type '{ agents: any; conversations: any; analytics: any; }' is missing the following properties from type '{ agents: AgentState; conversations: ConversationState; ui: UIState; connection: ConnectionState; knowledge: KnowledgeState; analytics: AnalyticsState; }': ui, connection, knowledge
__tests__/components/dashboard/MetricsPanel.integration.test.tsx(518,25): error TS2345: Argument of type '{ agents: { agents: {}; }; conversations: { conversations: {}; }; analytics: { metrics: {}; }; }' is not assignable to parameter of type '{ agents: AgentState; conversations: ConversationState; ui: UIState; connection: ConnectionState; knowledge: KnowledgeState; analytics: AnalyticsState; }'.
  Type '{ agents: { agents: {}; }; conversations: { conversations: {}; }; analytics: { metrics: {}; }; }' is missing the following properties from type '{ agents: AgentState; conversations: ConversationState; ui: UIState; connection: ConnectionState; knowledge: KnowledgeState; analytics: AnalyticsState; }': ui, connection, knowledge
__tests__/components/dashboard/MetricsPanel.integration.test.tsx(556,25): error TS2345: Argument of type '{ agents: { agents: {}; }; conversations: { conversations: {}; }; analytics: { metrics: {}; }; }' is not assignable to parameter of type '{ agents: AgentState; conversations: ConversationState; ui: UIState; connection: ConnectionState; knowledge: KnowledgeState; analytics: AnalyticsState; }'.
  Type '{ agents: { agents: {}; }; conversations: { conversations: {}; }; analytics: { metrics: {}; }; }' is missing the following properties from type '{ agents: AgentState; conversations: ConversationState; ui: UIState; connection: ConnectionState; knowledge: KnowledgeState; analytics: AnalyticsState; }': ui, connection, knowledge
__tests__/components/dashboard/MetricsPanel.integration.test.tsx(576,25): error TS2345: Argument of type '{ agents: { agents: {}; }; conversations: { conversations: {}; }; analytics: { metrics: {}; }; }' is not assignable to parameter of type '{ agents: AgentState; conversations: ConversationState; ui: UIState; connection: ConnectionState; knowledge: KnowledgeState; analytics: AnalyticsState; }'.
  Type '{ agents: { agents: {}; }; conversations: { conversations: {}; }; analytics: { metrics: {}; }; }' is missing the following properties from type '{ agents: AgentState; conversations: ConversationState; ui: UIState; connection: ConnectionState; knowledge: KnowledgeState; analytics: AnalyticsState; }': ui, connection, knowledge
__tests__/components/dashboard/MetricsPanel.integration.test.tsx(592,27): error TS2345: Argument of type '{ agents: { agents: { [x: string]: { id: string; status: string; }; }; }; conversations: { conversations: {}; }; analytics: { metrics: {}; }; }' is not assignable to parameter of type '{ agents: AgentState; conversations: ConversationState; ui: UIState; connection: ConnectionState; knowledge: KnowledgeState; analytics: AnalyticsState; }'.
  Type '{ agents: { agents: { [x: string]: { id: string; status: string; }; }; }; conversations: { conversations: {}; }; analytics: { metrics: {}; }; }' is missing the following properties from type '{ agents: AgentState; conversations: ConversationState; ui: UIState; connection: ConnectionState; knowledge: KnowledgeState; analytics: AnalyticsState; }': ui, connection, knowledge
__tests__/components/dashboard/MetricsPanel.integration.test.tsx(669,25): error TS2345: Argument of type '{ agents: { agents: { "agent-1": { id: string; status: string; }; }; }; conversations: { conversations: {}; }; analytics: { metrics: {}; }; }' is not assignable to parameter of type '{ agents: AgentState; conversations: ConversationState; ui: UIState; connection: ConnectionState; knowledge: KnowledgeState; analytics: AnalyticsState; }'.
  Type '{ agents: { agents: { "agent-1": { id: string; status: string; }; }; }; conversations: { conversations: {}; }; analytics: { metrics: {}; }; }' is missing the following properties from type '{ agents: AgentState; conversations: ConversationState; ui: UIState; connection: ConnectionState; knowledge: KnowledgeState; analytics: AnalyticsState; }': ui, connection, knowledge
__tests__/components/dashboard/MetricsPanel.integration.test.tsx(697,25): error TS2345: Argument of type '{ agents: { agents: {}; }; conversations: { conversations: { "conv-1": { id: string; messages: any[]; }; }; }; analytics: { metrics: {}; }; }' is not assignable to parameter of type '{ agents: AgentState; conversations: ConversationState; ui: UIState; connection: ConnectionState; knowledge: KnowledgeState; analytics: AnalyticsState; }'.
  Type '{ agents: { agents: {}; }; conversations: { conversations: { "conv-1": { id: string; messages: any[]; }; }; }; analytics: { metrics: {}; }; }' is missing the following properties from type '{ agents: AgentState; conversations: ConversationState; ui: UIState; connection: ConnectionState; knowledge: KnowledgeState; analytics: AnalyticsState; }': ui, connection, knowledge
__tests__/components/global-knowledge-graph.test.tsx(238,3): error TS2353: Object literal may only specify known properties, and 'source' does not exist in type 'KnowledgeEntry'.
__tests__/components/global-knowledge-graph.test.tsx(244,7): error TS2739: Type '{ id: string; name: string; biography: string; color: string; position: { x: number; y: number; }; knowledge: KnowledgeEntry[]; toolPermissions: { internetSearch: true; webScraping: false; ... 18 more ...; conversationAnalysis: true; }; autonomyEnabled: true; inConversation: false; }' is missing the following properties from type 'Agent': status, personality
__tests__/components/global-knowledge-graph.test.tsx(306,18): error TS2769: No overload matches this call.
  Overload 1 of 3, '(callback: () => void, delay?: number): Timeout', gave the following error.
    Argument of type 'unknown' is not assignable to parameter of type '() => void'.
      Type '{}' provides no match for the signature '(): void'.
  Overload 2 of 3, '(callback: (_: void) => void, delay?: number): Timeout', gave the following error.
    Argument of type 'unknown' is not assignable to parameter of type '(_: void) => void'.
      Type '{}' provides no match for the signature '(_: void): void'.
  Overload 3 of 3, '(handler: TimerHandler, timeout?: number, ...arguments: any[]): number', gave the following error.
    Argument of type 'unknown' is not assignable to parameter of type 'TimerHandler'.
__tests__/components/global-knowledge-graph.test.tsx(338,18): error TS2339: Property 'querySelector' does not exist on type 'unknown'.
__tests__/components/global-knowledge-graph.test.tsx(339,18): error TS2339: Property 'querySelector' does not exist on type 'unknown'.
__tests__/components/global-knowledge-graph.test.tsx(340,18): error TS2339: Property 'title' does not exist on type 'unknown'.
__tests__/components/global-knowledge-graph.test.tsx(341,18): error TS2339: Property 'title' does not exist on type 'unknown'.
__tests__/components/global-knowledge-graph.test.tsx(345,18): error TS2339: Property 'querySelector' does not exist on type 'unknown'.
__tests__/components/global-knowledge-graph.test.tsx(346,18): error TS2339: Property 'querySelector' does not exist on type 'unknown'.
__tests__/components/global-knowledge-graph.test.tsx(347,18): error TS2339: Property 'title' does not exist on type 'unknown'.
__tests__/components/global-knowledge-graph.test.tsx(348,18): error TS2339: Property 'title' does not exist on type 'unknown'.
__tests__/components/global-knowledge-graph.test.tsx(475,18): error TS2339: Property 'querySelector' does not exist on type 'unknown'.
__tests__/components/global-knowledge-graph.test.tsx(476,18): error TS2339: Property 'querySelector' does not exist on type 'unknown'.
__tests__/components/global-knowledge-graph.test.tsx(477,18): error TS2339: Property 'title' does not exist on type 'unknown'.
__tests__/components/global-knowledge-graph.test.tsx(478,18): error TS2339: Property 'title' does not exist on type 'unknown'.
__tests__/components/global-knowledge-graph.test.tsx(486,27): error TS2345: Argument of type 'unknown' is not assignable to parameter of type 'Window | Document | Node | Element'.
__tests__/components/global-knowledge-graph.test.tsx(506,18): error TS2339: Property 'querySelector' does not exist on type 'unknown'.
__tests__/components/global-knowledge-graph.test.tsx(507,18): error TS2339: Property 'querySelector' does not exist on type 'unknown'.
__tests__/components/global-knowledge-graph.test.tsx(508,18): error TS2339: Property 'title' does not exist on type 'unknown'.
__tests__/components/global-knowledge-graph.test.tsx(509,18): error TS2339: Property 'title' does not exist on type 'unknown'.
__tests__/components/global-knowledge-graph.test.tsx(516,27): error TS2345: Argument of type 'unknown' is not assignable to parameter of type 'Window | Document | Node | Element'.
__tests__/components/infinite-scroll.test.tsx(11,1): error TS2322: Type 'Mock<UnknownFunction>' is not assignable to type '{ new (callback: IntersectionObserverCallback, options?: IntersectionObserverInit): IntersectionObserver; prototype: IntersectionObserver; }'.
  Type '{}' is missing the following properties from type 'IntersectionObserver': root, rootMargin, thresholds, disconnect, and 3 more.
__tests__/components/infinite-scroll.test.tsx(105,52): error TS2345: Argument of type 'undefined' is not assignable to parameter of type 'never'.
__tests__/components/infinite-scroll.test.tsx(108,23): error TS2322: Type 'Mock<UnknownFunction>' is not assignable to type '() => Promise<void>'.
  Type '{}' is missing the following properties from type 'Promise<void>': then, catch, finally, [Symbol.toStringTag]
__tests__/components/infinite-scroll.test.tsx(122,23): error TS2322: Type 'Mock<UnknownFunction>' is not assignable to type '() => Promise<void>'.
  Type '{}' is missing the following properties from type 'Promise<void>': then, catch, finally, [Symbol.toStringTag]
__tests__/components/infinite-scroll.test.tsx(135,52): error TS2345: Argument of type 'undefined' is not assignable to parameter of type 'never'.
__tests__/components/infinite-scroll.test.tsx(138,23): error TS2322: Type 'Mock<UnknownFunction>' is not assignable to type '() => Promise<void>'.
  Type '{}' is missing the following properties from type 'Promise<void>': then, catch, finally, [Symbol.toStringTag]
__tests__/components/infinite-scroll.test.tsx(151,7): error TS2349: This expression is not callable.
  Type '{}' has no call signatures.
__tests__/components/infinite-scroll.test.tsx(158,52): error TS2345: Argument of type 'undefined' is not assignable to parameter of type 'never'.
__tests__/components/infinite-scroll.test.tsx(162,9): error TS2322: Type 'Mock<UnknownFunction>' is not assignable to type '() => Promise<void>'.
  Type '{}' is missing the following properties from type 'Promise<void>': then, catch, finally, [Symbol.toStringTag]
__tests__/components/infinite-scroll.test.tsx(175,52): error TS2345: Argument of type 'undefined' is not assignable to parameter of type 'never'.
__tests__/components/infinite-scroll.test.tsx(178,23): error TS2322: Type 'Mock<UnknownFunction>' is not assignable to type '() => Promise<void>'.
  Type '{}' is missing the following properties from type 'Promise<void>': then, catch, finally, [Symbol.toStringTag]
__tests__/components/infinite-scroll.test.tsx(202,23): error TS2322: Type 'Mock<UnknownFunction>' is not assignable to type '() => Promise<void>'.
  Type '{}' is missing the following properties from type 'Promise<void>': then, catch, finally, [Symbol.toStringTag]
__tests__/components/infinite-scroll.test.tsx(213,7): error TS2349: This expression is not callable.
  Type '{}' has no call signatures.
__tests__/components/infinite-scroll.test.tsx(227,7): error TS2349: This expression is not callable.
  Type '{}' has no call signatures.
__tests__/components/infinite-scroll.test.tsx(243,23): error TS2322: Type 'Mock<UnknownFunction>' is not assignable to type '() => Promise<void>'.
  Type '{}' is missing the following properties from type 'Promise<void>': then, catch, finally, [Symbol.toStringTag]
__tests__/components/infinite-scroll.test.tsx(254,7): error TS2349: This expression is not callable.
  Type '{}' has no call signatures.
__tests__/components/infinite-scroll.test.tsx(265,52): error TS2345: Argument of type 'undefined' is not assignable to parameter of type 'never'.
__tests__/components/infinite-scroll.test.tsx(270,9): error TS2322: Type 'Mock<UnknownFunction>' is not assignable to type '() => Promise<void>'.
  Type '{}' is missing the following properties from type 'Promise<void>': then, catch, finally, [Symbol.toStringTag]
__tests__/components/infinite-scroll.test.tsx(288,52): error TS2345: Argument of type 'undefined' is not assignable to parameter of type 'never'.
__tests__/components/infinite-scroll.test.tsx(301,23): error TS2322: Type 'Mock<UnknownFunction>' is not assignable to type '() => Promise<void>'.
  Type '{}' is missing the following properties from type 'Promise<void>': then, catch, finally, [Symbol.toStringTag]
__tests__/components/infinite-scroll.test.tsx(312,52): error TS2345: Argument of type 'undefined' is not assignable to parameter of type 'never'.
__tests__/components/infinite-scroll.test.tsx(315,23): error TS2322: Type 'Mock<UnknownFunction>' is not assignable to type '() => Promise<void>'.
  Type '{}' is missing the following properties from type 'Promise<void>': then, catch, finally, [Symbol.toStringTag]
__tests__/components/infinite-scroll.test.tsx(324,23): error TS2322: Type 'Mock<UnknownFunction>' is not assignable to type '() => Promise<void>'.
  Type '{}' is missing the following properties from type 'Promise<void>': then, catch, finally, [Symbol.toStringTag]
__tests__/components/infinite-scroll.test.tsx(336,52): error TS2345: Argument of type 'undefined' is not assignable to parameter of type 'never'.
__tests__/components/infinite-scroll.test.tsx(341,9): error TS2322: Type 'Mock<UnknownFunction>' is not assignable to type '() => Promise<void>'.
  Type '{}' is missing the following properties from type 'Promise<void>': then, catch, finally, [Symbol.toStringTag]
__tests__/components/infinite-scroll.test.tsx(354,52): error TS2345: Argument of type 'undefined' is not assignable to parameter of type 'never'.
__tests__/components/infinite-scroll.test.tsx(357,23): error TS2322: Type 'Mock<UnknownFunction>' is not assignable to type '() => Promise<void>'.
  Type '{}' is missing the following properties from type 'Promise<void>': then, catch, finally, [Symbol.toStringTag]
__tests__/components/infinite-scroll.test.tsx(366,5): error TS2349: This expression is not callable.
  Type '{}' has no call signatures.
__tests__/components/infinite-scroll.test.tsx(372,52): error TS2345: Argument of type 'undefined' is not assignable to parameter of type 'never'.
__tests__/components/infinite-scroll.test.tsx(377,9): error TS2322: Type 'Mock<UnknownFunction>' is not assignable to type '() => Promise<void>'.
  Type '{}' is missing the following properties from type 'Promise<void>': then, catch, finally, [Symbol.toStringTag]
__tests__/components/infinite-scroll.test.tsx(390,9): error TS2322: Type 'Mock<UnknownFunction>' is not assignable to type '() => Promise<void>'.
  Type '{}' is missing the following properties from type 'Promise<void>': then, catch, finally, [Symbol.toStringTag]
__tests__/components/infinite-scroll.test.tsx(400,52): error TS2345: Argument of type 'undefined' is not assignable to parameter of type 'never'.
__tests__/components/infinite-scroll.test.tsx(403,23): error TS2322: Type 'Mock<UnknownFunction>' is not assignable to type '() => Promise<void>'.
  Type '{}' is missing the following properties from type 'Promise<void>': then, catch, finally, [Symbol.toStringTag]
__tests__/components/infinite-scroll.test.tsx(413,5): error TS2349: This expression is not callable.
  Type '{}' has no call signatures.
__tests__/components/infinite-scroll.test.tsx(419,53): error TS2345: Argument of type 'undefined' is not assignable to parameter of type 'never'.
__tests__/components/infinite-scroll.test.tsx(420,53): error TS2345: Argument of type 'undefined' is not assignable to parameter of type 'never'.
__tests__/components/infinite-scroll.test.tsx(424,25): error TS2322: Type 'Mock<UnknownFunction>' is not assignable to type '() => Promise<void>'.
  Type '{}' is missing the following properties from type 'Promise<void>': then, catch, finally, [Symbol.toStringTag]
__tests__/components/infinite-scroll.test.tsx(427,25): error TS2322: Type 'Mock<UnknownFunction>' is not assignable to type '() => Promise<void>'.
  Type '{}' is missing the following properties from type 'Promise<void>': then, catch, finally, [Symbol.toStringTag]
__tests__/components/integration-ui.test.tsx(11,1): error TS2322: Type 'Mock<UnknownFunction>' is not assignable to type '{ new (callback: IntersectionObserverCallback, options?: IntersectionObserverInit): IntersectionObserver; prototype: IntersectionObserver; }'.
  Type '{}' is missing the following properties from type 'IntersectionObserver': root, rootMargin, thresholds, disconnect, and 3 more.
__tests__/components/integration-ui.test.tsx(21,14): error TS2769: No overload matches this call.
  Overload 1 of 3, '(callback: () => void, delay?: number): Timeout', gave the following error.
    Argument of type 'unknown' is not assignable to parameter of type '() => void'.
      Type '{}' provides no match for the signature '(): void'.
  Overload 2 of 3, '(callback: (_: void) => void, delay?: number): Timeout', gave the following error.
    Argument of type 'unknown' is not assignable to parameter of type '(_: void) => void'.
      Type '{}' provides no match for the signature '(_: void): void'.
  Overload 3 of 3, '(handler: TimerHandler, timeout?: number, ...arguments: any[]): number', gave the following error.
    Argument of type 'unknown' is not assignable to parameter of type 'TimerHandler'.
__tests__/components/KnowledgeGraph.test.tsx(313,5): error TS2322: Type 'Mock<{ clearRect: Mock<any, any, any>; fillRect: Mock<any, any, any>; strokeRect: Mock<any, any, any>; fillText: Mock<any, any, any>; strokeText: Mock<any, any, any>; ... 45 more ...; direction: string; }, [contextType: ...], any>' is not assignable to type '{ (contextId: "2d", options?: CanvasRenderingContext2DSettings): CanvasRenderingContext2D; (contextId: "bitmaprenderer", options?: ImageBitmapRenderingContextSettings): ImageBitmapRenderingContext; (contextId: "webgl", options?: WebGLContextAttributes): WebGLRenderingContext; (contextId: "webgl2", options?: WebGLCon...'.
  Type '{ clearRect: Mock<any, any, any>; fillRect: Mock<any, any, any>; strokeRect: Mock<any, any, any>; fillText: Mock<any, any, any>; strokeText: Mock<any, any, any>; ... 45 more ...; direction: string; }' is missing the following properties from type 'CanvasRenderingContext2D': clip, isPointInPath, isPointInStroke, createConicGradient, and 17 more.
__tests__/components/KnowledgeGraph.test.tsx(423,16): error TS2339: Property 'querySelector' does not exist on type 'unknown'.
__tests__/components/KnowledgeGraph.test.tsx(426,16): error TS2339: Property 'querySelector' does not exist on type 'unknown'.
__tests__/components/KnowledgeGraph.test.tsx(435,27): error TS2345: Argument of type 'unknown' is not assignable to parameter of type 'Window | Document | Node | Element'.
__tests__/components/KnowledgeGraph.test.tsx(436,27): error TS2345: Argument of type 'unknown' is not assignable to parameter of type 'Window | Document | Node | Element'.
__tests__/components/markov-blanket-config-focused.test.tsx(394,30): error TS2322: Type '{ initialConfig: { precision: number; complexity: number; adaptation: number; }; onConfigChange: Mock<UnknownFunction>; onSave: Mock<UnknownFunction>; onReset: Mock<...>; }' is not assignable to type 'MarkovBlanketConfigurationUIProps'.
  The types returned by 'onSave(...)' are incompatible between these types.
    Type '{}' is missing the following properties from type 'Promise<void>': then, catch, finally, [Symbol.toStringTag]
__tests__/components/markov-blanket-config-focused.test.tsx(416,30): error TS2322: Type '{ onSave: Mock<UnknownFunction>; onReset: Mock<UnknownFunction>; }' is not assignable to type 'MarkovBlanketConfigurationUIProps'.
  The types returned by 'onSave(...)' are incompatible between these types.
    Type '{}' is missing the following properties from type 'Promise<void>': then, catch, finally, [Symbol.toStringTag]
__tests__/components/markov-blanket-config-focused.test.tsx(492,37): error TS2559: Type '{ mode: string; configurationLevel: string; }' has no properties in common with type 'IntrinsicAttributes & MarkovBlanketConfigurationUIProps'.
__tests__/components/markov-blanket-config-focused.test.tsx(502,59): error TS2345: Argument of type '{ success: boolean; }' is not assignable to parameter of type 'never'.
__tests__/components/markov-blanket-config-focused.test.tsx(512,30): error TS2559: Type '{ onConfigSubmit: Mock<UnknownFunction>; onValidate: Mock<UnknownFunction>; }' has no properties in common with type 'IntrinsicAttributes & MarkovBlanketConfigurationUIProps'.
__tests__/components/markov-blanket-config-focused.test.tsx(527,26): error TS2345: Argument of type 'Error' is not assignable to parameter of type 'never'.
__tests__/components/markov-blanket-config-focused.test.tsx(537,30): error TS2559: Type '{ onError: Mock<UnknownFunction>; onConfigSubmit: Mock<UnknownFunction>; }' has no properties in common with type 'IntrinsicAttributes & MarkovBlanketConfigurationUIProps'.
__tests__/components/markov-blanket-config-focused.test.tsx(608,39): error TS2322: Type '{ configuration: { states: string[]; transitions: { from: string; to: string; probability: number; }[]; }; }' is not assignable to type 'IntrinsicAttributes & MarkovBlanketConfigurationUIProps'.
  Property 'configuration' does not exist on type 'IntrinsicAttributes & MarkovBlanketConfigurationUIProps'.
__tests__/components/memoryviewer-deep-interactions.test.tsx(22,10): error TS2614: Module '"../utils/unified-ui-mocks"' has no exported member 'selectTestUtils'. Did you mean to use 'import selectTestUtils from "../utils/unified-ui-mocks"' instead?
__tests__/components/memoryviewer-deep-interactions.test.tsx(34,43): error TS2339: Property 'toISOString' does not exist on type 'unknown'.
__tests__/components/memoryviewer-deep-interactions.test.tsx(35,57): error TS2339: Property 'match' does not exist on type 'unknown'.
__tests__/components/memoryviewer-deep-interactions.test.tsx(205,3): error TS2353: Object literal may only specify known properties, and 'source' does not exist in type 'KnowledgeEntry'.
__tests__/components/memoryviewer-deep-interactions.test.tsx(215,14): error TS2322: Type '{ id: string; name: string; templateId?: string; class?: string; type?: string; role?: string; avatar?: string; avatarUrl?: string; color: string; biography: string; knowledgeDomains?: string[]; ... 22 more ...; relationships?: Array<{ agent_id: string; trust_level: number; last_interaction: string; }>; }' is not assignable to type 'Agent'.
  Property 'status' is optional in type '{ id: string; name: string; templateId?: string; class?: string; type?: string; role?: string; avatar?: string; avatarUrl?: string; color: string; biography: string; knowledgeDomains?: string[]; knowledge: KnowledgeEntry[]; ... 21 more ...; relationships?: { ...; }[]; }' but required in type 'Agent'.
__tests__/components/memoryviewer-deep-interactions.test.tsx(262,7): error TS2353: Object literal may only specify known properties, and 'type' does not exist in type 'Message'.
__tests__/components/memoryviewer-deep-interactions.test.tsx(306,13): error TS2339: Property 'useToast' does not exist on type '{}'.
__tests__/components/memoryviewer-deep-interactions.test.tsx(307,13): error TS2339: Property 'useLLM' does not exist on type '{}'.
__tests__/components/memoryviewer-deep-interactions.test.tsx(308,13): error TS2339: Property 'formatTimestamp' does not exist on type '{}'.
__tests__/components/memoryviewer-deep-interactions.test.tsx(308,30): error TS2339: Property 'extractTagsFromMarkdown' does not exist on type '{}'.
__tests__/components/memoryviewer-deep-interactions.test.tsx(499,43): error TS2345: Argument of type 'Error' is not assignable to parameter of type 'never'.
__tests__/components/memoryviewer-deep-interactions.test.tsx(798,9): error TS2345: Argument of type 'Error' is not assignable to parameter of type 'never'.
__tests__/components/memoryviewer-deep-interactions.test.tsx(831,28): error TS2345: Argument of type '"Extracted beliefs text"' is not assignable to parameter of type 'never'.
__tests__/components/memoryviewer-deep-interactions.test.tsx(915,28): error TS2345: Argument of type 'Error' is not assignable to parameter of type 'never'.
__tests__/components/memoryviewer-deep-interactions.test.tsx(1082,15): error TS2339: Property 'exportAgentKnowledge' does not exist on type '{}'.
__tests__/components/memoryviewer-deep-interactions.test.tsx(1111,15): error TS2339: Property 'exportAgentKnowledge' does not exist on type '{}'.
__tests__/components/memoryviewer-focused.test.tsx(185,35): error TS2322: Type '{ selectedAgent: { id: string; name: string; biography: string; color: string; position: { x: number; y: number; }; knowledge: any[]; toolPermissions: { internetSearch: boolean; webScraping: boolean; wikipediaAccess: boolean; ... 17 more ...; conversationAnalysis: boolean; }; autonomyEnabled: boolean; inConversation...' is not assignable to type 'MemoryViewerProps'.
  Types of property 'selectedAgent' are incompatible.
    Type '{ id: string; name: string; biography: string; color: string; position: { x: number; y: number; }; knowledge: any[]; toolPermissions: { internetSearch: boolean; webScraping: boolean; wikipediaAccess: boolean; ... 17 more ...; conversationAnalysis: boolean; }; autonomyEnabled: boolean; inConversation: boolean; }' is missing the following properties from type 'Agent': status, personality
__tests__/components/memoryviewer-focused.test.tsx(246,35): error TS2322: Type '{ selectedAgent: { id: string; name: string; biography: string; color: string; position: { x: number; y: number; }; knowledge: { id: string; title: string; content: string; source: string; timestamp: Date; tags: string[]; metadata: {}; }[]; toolPermissions: { ...; }; autonomyEnabled: boolean; inConversation: boolean...' is not assignable to type 'MemoryViewerProps'.
  Types of property 'selectedAgent' are incompatible.
    Type '{ id: string; name: string; biography: string; color: string; position: { x: number; y: number; }; knowledge: { id: string; title: string; content: string; source: string; timestamp: Date; tags: string[]; metadata: {}; }[]; toolPermissions: { ...; }; autonomyEnabled: boolean; inConversation: boolean; }' is missing the following properties from type 'Agent': status, personality
__tests__/components/memoryviewer-focused.test.tsx(317,35): error TS2322: Type '{ selectedAgent: { id: string; name: string; biography: string; color: string; position: { x: number; y: number; }; knowledge: any[]; toolPermissions: { internetSearch: boolean; webScraping: boolean; wikipediaAccess: boolean; ... 17 more ...; conversationAnalysis: boolean; }; autonomyEnabled: boolean; inConversation...' is not assignable to type 'MemoryViewerProps'.
  Types of property 'selectedAgent' are incompatible.
    Type '{ id: string; name: string; biography: string; color: string; position: { x: number; y: number; }; knowledge: any[]; toolPermissions: { internetSearch: boolean; webScraping: boolean; wikipediaAccess: boolean; ... 17 more ...; conversationAnalysis: boolean; }; autonomyEnabled: boolean; inConversation: boolean; }' is missing the following properties from type 'Agent': status, personality
__tests__/components/memoryviewer-focused.test.tsx(375,35): error TS2322: Type '{ selectedAgent: { id: string; name: string; biography: string; color: string; position: { x: number; y: number; }; knowledge: any[]; toolPermissions: { internetSearch: boolean; webScraping: boolean; wikipediaAccess: boolean; ... 17 more ...; conversationAnalysis: boolean; }; autonomyEnabled: boolean; inConversation...' is not assignable to type 'MemoryViewerProps'.
  Types of property 'selectedAgent' are incompatible.
    Type '{ id: string; name: string; biography: string; color: string; position: { x: number; y: number; }; knowledge: any[]; toolPermissions: { internetSearch: boolean; webScraping: boolean; wikipediaAccess: boolean; ... 17 more ...; conversationAnalysis: boolean; }; autonomyEnabled: boolean; inConversation: boolean; }' is missing the following properties from type 'Agent': status, personality
__tests__/components/ui/checkbox.test.tsx(376,15): error TS2322: Type 'Dispatch<SetStateAction<boolean>>' is not assignable to type '(checked: CheckedState) => void'.
  Types of parameters 'value' and 'checked' are incompatible.
    Type 'CheckedState' is not assignable to type 'SetStateAction<boolean>'.
      Type '"indeterminate"' is not assignable to type 'SetStateAction<boolean>'.
__tests__/components/ui/input.test.tsx(78,20): error TS2339: Property 'type' does not exist on type 'HTMLElement'.
__tests__/hooks/useToast.integration.test.tsx(70,11): error TS2739: Type '{ altText: string; }' is missing the following properties from type 'ReactElement<ForwardRefExoticComponent<Omit<ToastActionProps & RefAttributes<HTMLButtonElement>, "ref"> & RefAttributes<HTMLButtonElement>>, string | JSXElementConstructor<...>>': type, props, key
__tests__/hooks/useToast.integration.test.tsx(490,11): error TS2322: Type 'Element' is not assignable to type 'string & ReactNode'.
  Type 'ReactElement<any, any>' is not assignable to type 'string & ReactPortal'.
    Type 'ReactElement<any, any>' is not assignable to type 'string'.
__tests__/hooks/useWebSocket.integration.test.tsx(93,45): error TS2559: Type '"ws://test.com"' has no properties in common with type 'UseWebSocketOptions'.
__tests__/import-only-coverage.test.ts(134,24): error TS2345: Argument of type 'number' is not assignable to parameter of type 'number & Function'.
  Type 'number' is not assignable to type 'Function'.
__tests__/import-only-coverage.test.ts(138,13): error TS2345: Argument of type '(x: number) => number' is not assignable to parameter of type 'number & Function'.
  Type '(x: number) => number' is not assignable to type 'number'.
__tests__/import-only-coverage.test.ts(140,18): error TS2349: This expression is not callable.
  No constituent of type 'string | number | boolean | Function | { transformed: any; }' is callable.
__tests__/import-only-coverage.test.ts(142,11): error TS2555: Expected at least 2 arguments, but got 1.
__tests__/import-only-coverage.test.ts(143,11): error TS2555: Expected at least 2 arguments, but got 1.
__tests__/import-only-coverage.test.ts(144,11): error TS2555: Expected at least 2 arguments, but got 1.
__tests__/lib/api-key-migration.test.ts(174,39): error TS2352: Conversion of type '{ json: () => Promise<never>; }' to type 'Response' may be a mistake because neither type sufficiently overlaps with the other. If this was intentional, convert the expression to 'unknown' first.
  Type '{ json: () => Promise<never>; }' is missing the following properties from type 'Response': headers, ok, redirected, status, and 11 more.
__tests__/lib/api-key-service-server.test.ts(168,19): error TS2540: Cannot assign to 'NODE_ENV' because it is a read-only property.
__tests__/lib/api-key-storage.test.ts(78,19): error TS2540: Cannot assign to 'NODE_ENV' because it is a read-only property.
__tests__/lib/api-key-storage.test.ts(101,19): error TS2540: Cannot assign to 'NODE_ENV' because it is a read-only property.
__tests__/lib/api-key-storage.test.ts(466,50): error TS2554: Expected 1 arguments, but got 0.
__tests__/lib/autonomous-conversation.test.ts(25,7): error TS2739: Type '{ id: string; name: string; inConversation: false; position: { x: number; y: number; }; color: string; knowledge: { id: string; title: string; content: string; timestamp: Date; tags: string[]; }[]; autonomyEnabled: true; }' is missing the following properties from type 'Agent': status, personality
__tests__/lib/autonomous-conversation.test.ts(42,7): error TS2739: Type '{ id: string; name: string; inConversation: false; position: { x: number; y: number; }; color: string; knowledge: { id: string; title: string; content: string; timestamp: Date; tags: string[]; }[]; autonomyEnabled: true; }' is missing the following properties from type 'Agent': status, personality
__tests__/lib/autonomous-conversation.test.ts(59,7): error TS2739: Type '{ id: string; name: string; inConversation: false; position: { x: number; y: number; }; color: string; knowledge: { id: string; title: string; content: string; timestamp: Date; tags: string[]; }[]; autonomyEnabled: true; }' is missing the following properties from type 'Agent': status, personality
__tests__/lib/autonomous-conversation.test.ts(499,9): error TS2322: Type 'Agent | { id: string; name: string; inConversation: false; position: { x: number; y: number; }; color: string; knowledge: { id: string; title: string; content: string; timestamp: Date; tags: string[]; }[]; autonomyEnabled: true; }' is not assignable to type 'Agent'.
  Type '{ id: string; name: string; inConversation: false; position: { x: number; y: number; }; color: string; knowledge: { id: string; title: string; content: string; timestamp: Date; tags: string[]; }[]; autonomyEnabled: true; }' is missing the following properties from type 'Agent': status, personality
__tests__/lib/autonomous-conversation.test.ts(500,9): error TS2739: Type '{ id: string; name: string; inConversation: false; position: { x: number; y: number; }; color: string; knowledge: { id: string; title: string; content: string; timestamp: Date; tags: string[]; }[]; autonomyEnabled: true; }' is missing the following properties from type 'Agent': status, personality
__tests__/lib/autonomous-conversation.test.ts(594,13): error TS2322: Type '{ id: string; name: string; inConversation: false; position: { x: number; y: number; }; color: string; knowledge: { id: string; title: string; content: string; timestamp: Date; tags: string[]; }[]; autonomyEnabled: true; }[]' is not assignable to type 'Agent[]'.
  Type '{ id: string; name: string; inConversation: false; position: { x: number; y: number; }; color: string; knowledge: { id: string; title: string; content: string; timestamp: Date; tags: string[]; }[]; autonomyEnabled: true; }' is missing the following properties from type 'Agent': status, personality
__tests__/lib/conversation-orchestrator.test.ts(15,51): error TS2345: Argument of type '"Generated response"' is not assignable to parameter of type 'never'.
__tests__/lib/conversation-orchestrator.test.ts(25,51): error TS2345: Argument of type '"Secure response"' is not assignable to parameter of type 'never'.
__tests__/lib/conversation-orchestrator.test.ts(88,11): error TS2353: Object literal may only specify known properties, and 'conversationId' does not exist in type 'Message'.
__tests__/lib/conversation-orchestrator.test.ts(108,9): error TS2353: Object literal may only specify known properties, and 'systemPrompt' does not exist in type 'Agent'.
__tests__/lib/conversation-orchestrator.test.ts(122,9): error TS2353: Object literal may only specify known properties, and 'systemPrompt' does not exist in type 'Agent'.
__tests__/lib/conversation-orchestrator.test.ts(138,56): error TS2345: Argument of type '{ id: string; title: string; content: string; tags: string[]; timestamp: Date; }[]' is not assignable to parameter of type 'never'.
__tests__/lib/conversation-orchestrator.test.ts(243,9): error TS2353: Object literal may only specify known properties, and 'conversationId' does not exist in type 'Message'.
__tests__/lib/conversation-orchestrator.test.ts(250,26): error TS2339: Property 'handleNewMessage' does not exist on type 'ConversationOrchestrator'.
__tests__/lib/conversation-orchestrator.test.ts(272,9): error TS2353: Object literal may only specify known properties, and 'conversationId' does not exist in type 'Message'.
__tests__/lib/conversation-orchestrator.test.ts(278,26): error TS2339: Property 'handleNewMessage' does not exist on type 'ConversationOrchestrator'.
__tests__/lib/conversation-orchestrator.test.ts(296,9): error TS2353: Object literal may only specify known properties, and 'conversationId' does not exist in type 'Message'.
__tests__/lib/conversation-orchestrator.test.ts(303,26): error TS2339: Property 'handleNewMessage' does not exist on type 'ConversationOrchestrator'.
__tests__/lib/conversation-orchestrator.test.ts(330,9): error TS2353: Object literal may only specify known properties, and 'conversationId' does not exist in type 'Message'.
__tests__/lib/conversation-orchestrator.test.ts(347,26): error TS2339: Property 'handleNewMessage' does not exist on type 'ConversationOrchestrator'.
__tests__/lib/conversation-orchestrator.test.ts(368,9): error TS2345: Argument of type 'Error' is not assignable to parameter of type 'never'.
__tests__/lib/conversation-orchestrator.test.ts(373,9): error TS2353: Object literal may only specify known properties, and 'conversationId' does not exist in type 'Message'.
__tests__/lib/conversation-orchestrator.test.ts(380,26): error TS2339: Property 'handleNewMessage' does not exist on type 'ConversationOrchestrator'.
__tests__/lib/conversation-orchestrator.test.ts(410,26): error TS2341: Property 'generateAgentResponse' is private and only accessible within class 'ConversationOrchestrator'.
__tests__/lib/conversation-orchestrator.test.ts(410,48): error TS2345: Argument of type 'Agent' is not assignable to parameter of type 'string'.
__tests__/lib/conversation-orchestrator.test.ts(434,26): error TS2341: Property 'generateAgentResponse' is private and only accessible within class 'ConversationOrchestrator'.
__tests__/lib/conversation-orchestrator.test.ts(434,48): error TS2345: Argument of type 'Agent' is not assignable to parameter of type 'string'.
__tests__/lib/conversation-orchestrator.test.ts(454,26): error TS2341: Property 'generateAgentResponse' is private and only accessible within class 'ConversationOrchestrator'.
__tests__/lib/conversation-orchestrator.test.ts(454,48): error TS2345: Argument of type 'Agent' is not assignable to parameter of type 'string'.
__tests__/lib/conversation-orchestrator.test.ts(477,26): error TS2341: Property 'generateAgentResponse' is private and only accessible within class 'ConversationOrchestrator'.
__tests__/lib/conversation-orchestrator.test.ts(477,48): error TS2345: Argument of type 'Agent' is not assignable to parameter of type 'string'.
__tests__/lib/conversation-orchestrator.test.ts(479,37): error TS2339: Property 'getRelatedKnowledge' does not exist on type 'KnowledgeRetriever'.
__tests__/lib/conversation-orchestrator.test.ts(497,26): error TS2341: Property 'generateAgentResponse' is private and only accessible within class 'ConversationOrchestrator'.
__tests__/lib/conversation-orchestrator.test.ts(497,26): error TS2554: Expected 2-3 arguments, but got 1.
__tests__/lib/conversation-orchestrator.test.ts(515,44): error TS2339: Property 'getAvailableRespondents' does not exist on type 'ConversationOrchestrator'.
__tests__/lib/conversation-orchestrator.test.ts(531,9): error TS2353: Object literal may only specify known properties, and 'conversationId' does not exist in type 'Message'.
__tests__/lib/conversation-orchestrator.test.ts(538,44): error TS2339: Property 'getAvailableRespondents' does not exist on type 'ConversationOrchestrator'.
__tests__/lib/conversation-orchestrator.test.ts(556,44): error TS2339: Property 'getAvailableRespondents' does not exist on type 'ConversationOrchestrator'.
__tests__/lib/conversation-orchestrator.test.ts(574,9): error TS2353: Object literal may only specify known properties, and 'conversationId' does not exist in type 'Message'.
__tests__/lib/conversation-orchestrator.test.ts(581,26): error TS2339: Property 'handleNewMessage' does not exist on type 'ConversationOrchestrator'.
__tests__/lib/conversation-orchestrator.test.ts(603,9): error TS2353: Object literal may only specify known properties, and 'conversationId' does not exist in type 'Message'.
__tests__/lib/conversation-orchestrator.test.ts(610,26): error TS2339: Property 'handleNewMessage' does not exist on type 'ConversationOrchestrator'.
__tests__/lib/conversation-orchestrator.test.ts(634,26): error TS2339: Property 'handleNewMessage' does not exist on type 'ConversationOrchestrator'.
__tests__/lib/conversation-orchestrator.test.ts(643,26): error TS2339: Property 'handleNewMessage' does not exist on type 'ConversationOrchestrator'.
__tests__/lib/conversation-orchestrator.test.ts(687,39): error TS2345: Argument of type '{ messages: (Message | { id: string; conversationId: string; agentId: string; content: string; timestamp: Date; tags: any[]; })[]; id: string; participants: string[]; startTime: Date; ... 7 more ...; conversationMetrics?: { totalMessages: number; averageResponseTime: number; participationRates: Record<string, number...' is not assignable to parameter of type 'Conversation'.
  Types of property 'messages' are incompatible.
    Type '(Message | { id: string; conversationId: string; agentId: string; content: string; timestamp: Date; tags: any[]; })[]' is not assignable to type 'Message[]'.
      Type 'Message | { id: string; conversationId: string; agentId: string; content: string; timestamp: Date; tags: any[]; }' is not assignable to type 'Message'.
        Property 'senderId' is missing in type '{ id: string; conversationId: string; agentId: string; content: string; timestamp: Date; tags: any[]; }' but required in type 'Message'.
__tests__/lib/conversation-orchestrator.test.ts(728,9): error TS2353: Object literal may only specify known properties, and 'systemPrompt' does not exist in type 'Agent'.
__tests__/lib/conversation-orchestrator.test.ts(758,26): error TS2339: Property 'handleNewMessage' does not exist on type 'ConversationOrchestrator'.
__tests__/lib/conversation-orchestrator.test.ts(767,20): error TS2339: Property 'clearQueue' does not exist on type 'ConversationOrchestrator'.
__tests__/lib/conversation-orchestrator.test.ts(785,20): error TS2339: Property 'destroy' does not exist on type 'ConversationOrchestrator'.
__tests__/lib/conversation-orchestrator.test.ts(807,9): error TS2345: Argument of type 'Error' is not assignable to parameter of type 'never'.
__tests__/lib/conversation-orchestrator.test.ts(811,26): error TS2341: Property 'generateAgentResponse' is private and only accessible within class 'ConversationOrchestrator'.
__tests__/lib/conversation-orchestrator.test.ts(811,26): error TS2554: Expected 2-3 arguments, but got 1.
__tests__/lib/conversation-orchestrator.test.ts(834,22): error TS2551: Property 'streamGenerateResponse' does not exist on type 'LLMClient'. Did you mean 'generateResponse'?
__tests__/lib/conversation-orchestrator.test.ts(846,26): error TS2341: Property 'generateAgentResponse' is private and only accessible within class 'ConversationOrchestrator'.
__tests__/lib/conversation-orchestrator.test.ts(846,48): error TS2345: Argument of type 'Agent' is not assignable to parameter of type 'string'.
__tests__/lib/conversation-orchestrator.test.ts(870,9): error TS2353: Object literal may only specify known properties, and 'systemPrompt' does not exist in type 'Agent'.
__tests__/lib/conversation-orchestrator.test.ts(880,26): error TS2341: Property 'generateAgentResponse' is private and only accessible within class 'ConversationOrchestrator'.
__tests__/lib/conversation-orchestrator.test.ts(880,26): error TS2554: Expected 2-3 arguments, but got 1.
__tests__/lib/conversation-orchestrator.test.ts(886,31): error TS2339: Property 'getRelatedKnowledge' does not exist on type 'KnowledgeRetriever'.
__tests__/lib/conversation-orchestrator.test.ts(887,9): error TS2345: Argument of type 'undefined[]' is not assignable to parameter of type 'never'.
__tests__/lib/conversation-orchestrator.test.ts(902,26): error TS2341: Property 'generateAgentResponse' is private and only accessible within class 'ConversationOrchestrator'.
__tests__/lib/conversation-orchestrator.test.ts(902,48): error TS2345: Argument of type 'Agent' is not assignable to parameter of type 'string'.
__tests__/lib/conversation-orchestrator.test.ts(918,9): error TS2353: Object literal may only specify known properties, and 'conversationId' does not exist in type 'Message'.
__tests__/lib/conversation-orchestrator.test.ts(929,26): error TS2339: Property 'handleNewMessage' does not exist on type 'ConversationOrchestrator'.
__tests__/lib/llm-service.test.ts(109,11): error TS2349: This expression is not callable.
  Type '{}' has no call signatures.
__tests__/lib/llm-service.test.ts(112,38): error TS2769: No overload matches this call.
  Overload 1 of 2, '(message?: string, options?: ErrorOptions): Error', gave the following error.
    Argument of type 'unknown' is not assignable to parameter of type 'string'.
  Overload 2 of 2, '(message?: string): Error', gave the following error.
    Argument of type 'unknown' is not assignable to parameter of type 'string'.
__tests__/lib/llm-service.test.ts(113,24): error TS2345: Argument of type 'unknown' is not assignable to parameter of type 'number'.
__tests__/lib/llm-service.test.ts(130,43): error TS2345: Argument of type 'unknown' is not assignable to parameter of type 'number'.
__tests__/lib/llm-service.test.ts(135,17): error TS2349: This expression is not callable.
  Type '{}' has no call signatures.
__tests__/lib/llm-service.test.ts(183,22): error TS2349: This expression is not callable.
  Type '{}' has no call signatures.
__tests__/lib/llm-service.test.ts(312,24): error TS2349: This expression is not callable.
  Type '{}' has no call signatures.
__tests__/lib/llm-service.test.ts(325,1): error TS2741: Property '__promisify__' is missing in type 'Mock<UnknownFunction>' but required in type 'typeof setTimeout'.
__tests__/lib/llm-service.test.ts(327,29): error TS2769: No overload matches this call.
  Overload 1 of 3, '(callback: () => void, delay?: number): Timeout', gave the following error.
    Argument of type 'unknown' is not assignable to parameter of type '() => void'.
      Type '{}' provides no match for the signature '(): void'.
  Overload 2 of 3, '(callback: (_: void) => void, delay?: number): Timeout', gave the following error.
    Argument of type 'unknown' is not assignable to parameter of type '(_: void) => void'.
      Type '{}' provides no match for the signature '(_: void): void'.
  Overload 3 of 3, '(handler: TimerHandler, timeout?: number, ...arguments: any[]): number', gave the following error.
    Argument of type 'unknown' is not assignable to parameter of type 'TimerHandler'.
__tests__/lib/llm-service.test.ts(327,42): error TS2345: Argument of type 'unknown' is not assignable to parameter of type 'number'.
__tests__/lib/llm-service.test.ts(332,1): error TS2322: Type 'Mock<UnknownFunction>' is not assignable to type '{ <T>(values: Iterable<T | PromiseLike<T>>): Promise<Awaited<T>>; <T extends readonly unknown[] | []>(values: T): Promise<Awaited<T[number]>>; }'.
  Type '{}' is missing the following properties from type 'Promise<any>': then, catch, finally, [Symbol.toStringTag]
__tests__/lib/llm-service.test.ts(487,33): error TS2345: Argument of type 'Response' is not assignable to parameter of type 'never'.
__tests__/lib/llm-service.test.ts(541,57): error TS2345: Argument of type '"success"' is not assignable to parameter of type 'never'.
__tests__/lib/llm-service.test.ts(543,38): error TS2345: Argument of type 'Mock<UnknownFunction>' is not assignable to parameter of type '() => Promise<unknown>'.
  Type '{}' is missing the following properties from type 'Promise<unknown>': then, catch, finally, [Symbol.toStringTag]
__tests__/lib/llm-service.test.ts(552,32): error TS2345: Argument of type 'Error' is not assignable to parameter of type 'never'.
__tests__/lib/llm-service.test.ts(553,32): error TS2345: Argument of type '"success"' is not assignable to parameter of type 'never'.
__tests__/lib/llm-service.test.ts(555,38): error TS2345: Argument of type 'Mock<UnknownFunction>' is not assignable to parameter of type '() => Promise<unknown>'.
  Type '{}' is missing the following properties from type 'Promise<unknown>': then, catch, finally, [Symbol.toStringTag]
__tests__/lib/llm-service.test.ts(571,28): error TS2345: Argument of type 'Error' is not assignable to parameter of type 'never'.
__tests__/lib/llm-service.test.ts(600,57): error TS2345: Argument of type '"String error"' is not assignable to parameter of type 'never'.
__tests__/lib/llm-service.test.ts(602,38): error TS2345: Argument of type 'Mock<UnknownFunction>' is not assignable to parameter of type '() => Promise<unknown>'.
  Type '{}' is missing the following properties from type 'Promise<unknown>': then, catch, finally, [Symbol.toStringTag]
__tests__/lib/llm-service.test.ts(616,32): error TS2345: Argument of type 'Error' is not assignable to parameter of type 'never'.
__tests__/lib/llm-service.test.ts(617,32): error TS2345: Argument of type 'Error' is not assignable to parameter of type 'never'.
__tests__/lib/llm-service.test.ts(618,32): error TS2345: Argument of type '"success"' is not assignable to parameter of type 'never'.
__tests__/lib/llm-service.test.ts(647,57): error TS2345: Argument of type 'Error' is not assignable to parameter of type 'never'.
__tests__/lib/llm-service.test.ts(649,30): error TS2345: Argument of type 'Mock<UnknownFunction>' is not assignable to parameter of type '() => Promise<unknown>'.
  Type '{}' is missing the following properties from type 'Promise<unknown>': then, catch, finally, [Symbol.toStringTag]
__tests__/lib/llm-service.test.ts(656,42): error TS2345: Argument of type '{ text: string; }' is not assignable to parameter of type 'never'.
__tests__/lib/llm-service.test.ts(670,39): error TS2345: Argument of type '{ ok: boolean; json: () => Promise<{ choices: { message: { content: string; }; }[]; }>; }' is not assignable to parameter of type 'never'.
__tests__/lib/llm-service.test.ts(719,39): error TS2345: Argument of type '{ ok: boolean; status: number; headers: Headers; json: () => Promise<{ error: { message: string; }; }>; text: () => Promise<string>; }' is not assignable to parameter of type 'never'.
__tests__/lib/llm-service.test.ts(729,15): error TS2339: Property 'NetworkError' does not exist on type '{}'.
__tests__/lib/llm-service.test.ts(732,23): error TS2339: Property 'ok' does not exist on type 'unknown'.
__tests__/lib/llm-service.test.ts(733,44): error TS2339: Property 'text' does not exist on type 'unknown'.
__tests__/lib/llm-service.test.ts(735,47): error TS2339: Property 'status' does not exist on type 'unknown'.
__tests__/lib/llm-service.test.ts(735,66): error TS2339: Property 'statusText' does not exist on type 'unknown'.
__tests__/lib/llm-service.test.ts(746,39): error TS2345: Argument of type '{ ok: boolean; status: number; statusText: string; text: () => Promise<string>; }' is not assignable to parameter of type 'never'.
__tests__/lib/llm-service.test.ts(754,15): error TS2339: Property 'NetworkError' does not exist on type '{}'.
__tests__/lib/llm-service.test.ts(757,23): error TS2339: Property 'ok' does not exist on type 'unknown'.
__tests__/lib/llm-service.test.ts(758,44): error TS2339: Property 'text' does not exist on type 'unknown'.
__tests__/lib/llm-service.test.ts(760,47): error TS2339: Property 'status' does not exist on type 'unknown'.
__tests__/lib/llm-service.test.ts(760,66): error TS2339: Property 'statusText' does not exist on type 'unknown'.
__tests__/lib/llm-service.test.ts(774,42): error TS2345: Argument of type '{ text: string; }' is not assignable to parameter of type 'never'.
__tests__/lib/llm-service.test.ts(784,42): error TS2345: Argument of type '{ text: string; }' is not assignable to parameter of type 'never'.
__tests__/lib/llm-service.test.ts(836,40): error TS2345: Argument of type '{ textStream: { [Symbol.asyncIterator]: () => AsyncGenerator<"Hello " | "world", void, unknown>; }; }' is not assignable to parameter of type 'never'.
__tests__/lib/llm-service.test.ts(896,40): error TS2345: Argument of type 'Error' is not assignable to parameter of type 'never'.
__tests__/lib/llm-service.test.ts(898,42): error TS2345: Argument of type '{ text: string; }' is not assignable to parameter of type 'never'.
__tests__/lib/llm-service.test.ts(949,39): error TS2345: Argument of type 'Response' is not assignable to parameter of type 'never'.
__tests__/lib/llm-service.test.ts(987,39): error TS2345: Argument of type 'Error' is not assignable to parameter of type 'never'.
__tests__/lib/llm-service.test.ts(989,39): error TS2345: Argument of type '{ ok: boolean; json: () => Promise<{ choices: { message: { content: string; }; }[]; }>; }' is not assignable to parameter of type 'never'.
__tests__/lib/llm-service.test.ts(1043,39): error TS2345: Argument of type '{ ok: boolean; body: null; }' is not assignable to parameter of type 'never'.
__tests__/lib/llm-service.test.ts(1086,39): error TS2345: Argument of type 'Response' is not assignable to parameter of type 'never'.
__tests__/lib/llm-service.test.ts(1233,42): error TS2345: Argument of type '{ text: string; }' is not assignable to parameter of type 'never'.
__tests__/lib/llm-service.test.ts(1262,42): error TS2345: Argument of type 'Error' is not assignable to parameter of type 'never'.
__tests__/lib/llm-service.test.ts(1462,39): error TS2345: Argument of type 'Response' is not assignable to parameter of type 'never'.
__tests__/lib/llm-service.test.ts(1508,39): error TS2345: Argument of type 'Response' is not assignable to parameter of type 'never'.
__tests__/lib/performance/memoization.test.ts(259,40): error TS2554: Expected 0 arguments, but got 1.
__tests__/lib/performance/memoization.test.ts(260,40): error TS2554: Expected 0 arguments, but got 1.
__tests__/lib/performance/performance-monitor.test.ts(618,11): error TS2353: Object literal may only specify known properties, and 'memoryUsage' does not exist in type '{ dataSize?: number; errors?: string[]; compressionRatio?: number; }'.
__tests__/lib/performance/performance-monitor.test.ts(654,11): error TS2353: Object literal may only specify known properties, and 'storageUsage' does not exist in type '{ dataSize?: number; errors?: string[]; compressionRatio?: number; }'.
__tests__/lib/performance/performance-monitor.test.ts(714,11): error TS2353: Object literal may only specify known properties, and 'memoryUsage' does not exist in type '{ dataSize?: number; errors?: string[]; compressionRatio?: number; }'.
__tests__/lib/performance/performance-monitor.test.ts(746,11): error TS2353: Object literal may only specify known properties, and 'memoryUsage' does not exist in type '{ dataSize?: number; errors?: string[]; compressionRatio?: number; }'.
__tests__/lib/prompt-templates.test.ts(29,9): error TS2769: No overload matches this call.
  Overload 1 of 4, '(iterable?: Iterable<readonly [string, Agent]>): Map<string, Agent>', gave the following error.
    Argument of type '[string, { id: string; name: string; type: string; status: "active"; systemPrompt: string; biography: string; knowledgeIds: undefined[]; conversationIds: undefined[]; beliefs: undefined[]; preferences: {}; capabilities: undefined[]; created: Date; updated: Date; }][]' is not assignable to parameter of type 'Iterable<readonly [string, Agent]>'.
      The types returned by '[Symbol.iterator]().next(...)' are incompatible between these types.
        Type 'IteratorResult<[string, { id: string; name: string; type: string; status: "active"; systemPrompt: string; biography: string; knowledgeIds: undefined[]; conversationIds: undefined[]; beliefs: undefined[]; preferences: {}; capabilities: undefined[]; created: Date; updated: Date; }], any>' is not assignable to type 'IteratorResult<readonly [string, Agent], any>'.
          Type 'IteratorYieldResult<[string, { id: string; name: string; type: string; status: "active"; systemPrompt: string; biography: string; knowledgeIds: undefined[]; conversationIds: undefined[]; beliefs: undefined[]; preferences: {}; capabilities: undefined[]; created: Date; updated: Date; }]>' is not assignable to type 'IteratorResult<readonly [string, Agent], any>'.
            Type 'IteratorYieldResult<[string, { id: string; name: string; type: string; status: "active"; systemPrompt: string; biography: string; knowledgeIds: undefined[]; conversationIds: undefined[]; beliefs: undefined[]; preferences: {}; capabilities: undefined[]; created: Date; updated: Date; }]>' is not assignable to type 'IteratorYieldResult<readonly [string, Agent]>'.
              Type '[string, { id: string; name: string; type: string; status: "active"; systemPrompt: string; biography: string; knowledgeIds: undefined[]; conversationIds: undefined[]; beliefs: undefined[]; preferences: {}; capabilities: undefined[]; created: Date; updated: Date; }]' is not assignable to type 'readonly [string, Agent]'.
                Type at position 1 in source is not compatible with type at position 1 in target.
                  Object literal may only specify known properties, and 'systemPrompt' does not exist in type 'Agent'.
__tests__/lib/prompt-templates.test.ts(63,7): error TS2353: Object literal may only specify known properties, and 'conversationId' does not exist in type 'Message'.
__tests__/lib/prompt-templates.test.ts(71,7): error TS2353: Object literal may only specify known properties, and 'conversationId' does not exist in type 'Message'.
__tests__/lib/prompt-templates.test.ts(80,7): error TS2353: Object literal may only specify known properties, and 'conversationId' does not exist in type 'Message'.
__tests__/lib/prompt-templates.test.ts(135,11): error TS2353: Object literal may only specify known properties, and 'conversationId' does not exist in type 'Message'.
__tests__/lib/session-management.test.ts(280,39): error TS2345: Argument of type '{ ok: boolean; json: () => Promise<{ apiKey: string; }>; }' is not assignable to parameter of type 'never'.
__tests__/lib/session-management.test.ts(312,39): error TS2345: Argument of type '{ ok: boolean; status: number; }' is not assignable to parameter of type 'never'.
__tests__/lib/session-management.test.ts(324,39): error TS2345: Argument of type 'Error' is not assignable to parameter of type 'never'.
__tests__/lib/session-management.test.ts(337,39): error TS2345: Argument of type '{ ok: boolean; json: () => Promise<never>; }' is not assignable to parameter of type 'never'.
__tests__/lib/session-management.test.ts(355,39): error TS2345: Argument of type '{ ok: boolean; json: () => Promise<{ success: boolean; }>; }' is not assignable to parameter of type 'never'.
__tests__/lib/settings-export.test.ts(95,39): error TS2345: Argument of type 'null' is not assignable to parameter of type 'never'.
__tests__/lib/settings-export.test.ts(103,39): error TS2345: Argument of type 'Error' is not assignable to parameter of type 'never'.
__tests__/lib/types.test.ts(283,13): error TS2739: Type '{ id: string; name: string; inConversation: false; position: { x: number; y: number; }; color: string; knowledge: undefined[]; autonomyEnabled: true; }' is missing the following properties from type 'Agent': status, personality
__tests__/lib/types.test.ts(390,15): error TS2741: Property 'personality' is missing in type '{ id: string; name: string; inConversation: false; position: { x: number; y: number; }; color: string; knowledge: undefined[]; autonomyEnabled: true; status: "idle" | "active" | "moving" | "interacting" | ... 6 more ... | "offline"; }' but required in type 'Agent'.
__tests__/lib/types.test.ts(406,13): error TS2741: Property 'status' is missing in type '{ id: string; name: string; inConversation: false; position: { x: number; y: number; }; color: string; knowledge: undefined[]; autonomyEnabled: true; personality: { openness: number; conscientiousness: number; extraversion: number; agreeableness: number; neuroticism: number; }; }' but required in type 'Agent'.
__tests__/lib/types.test.ts(1251,15): error TS2739: Type '{ id: string; name: string; inConversation: false; position: Position; color: string; knowledge: KnowledgeEntry[]; autonomyEnabled: true; }' is missing the following properties from type 'Agent': status, personality
__tests__/lib/utils.test.ts(21,25): error TS2873: This kind of expression is always falsy.
__tests__/lib/utils.test.ts(22,25): error TS2873: This kind of expression is always falsy.
__tests__/lib/utils.test.ts(24,25): error TS2873: This kind of expression is always falsy.
__tests__/lib/utils.test.ts(25,25): error TS2872: This kind of expression is always truthy.
__tests__/services/specialized-services.test.ts(26,41): error TS2339: Property 'id' does not exist on type 'unknown'.
__tests__/services/specialized-services.test.ts(739,20): error TS2339: Property 'onerror' does not exist on type 'unknown'.
__tests__/test-utils/websocket-harness.ts(1,20): error TS2307: Cannot find module 'vitest' or its corresponding type declarations.
__tests__/workers/web-workers.test.ts(89,17): error TS2339: Property 'type' does not exist on type 'unknown'.
__tests__/workers/web-workers.test.ts(96,15): error TS2698: Spread types may only be created from object types.
__tests__/workers/web-workers.test.ts(105,17): error TS2339: Property 'type' does not exist on type 'unknown'.
__tests__/workers/web-workers.test.ts(107,56): error TS2339: Property 'data' does not exist on type 'unknown'.
__tests__/workers/web-workers.test.ts(110,23): error TS2339: Property 'data' does not exist on type 'unknown'.
__tests__/workers/web-workers.test.ts(120,36): error TS2339: Property 'data' does not exist on type 'unknown'.
__tests__/workers/web-workers.test.ts(1058,20): error TS2339: Property 'onmessage' does not exist on type 'unknown'.
__tests__/workers/web-workers.test.ts(1077,20): error TS2339: Property 'onmessage' does not exist on type 'unknown'.
__tests__/workers/web-workers.test.ts(1096,20): error TS2339: Property 'onmessage' does not exist on type 'unknown'.
__tests__/workers/web-workers.test.ts(1115,20): error TS2339: Property 'onmessage' does not exist on type 'unknown'.
__tests__/workers/web-workers.test.ts(1138,20): error TS2339: Property 'onmessage' does not exist on type 'unknown'.
__tests__/workers/web-workers.test.ts(1161,20): error TS2339: Property 'onmessage' does not exist on type 'unknown'.
__tests__/workers/web-workers.test.ts(1230,20): error TS2339: Property 'onmessage' does not exist on type 'unknown'.
__tests__/workers/web-workers.test.ts(1250,20): error TS2339: Property 'onmessage' does not exist on type 'unknown'.
__tests__/workers/web-workers.test.ts(1269,20): error TS2339: Property 'onmessage' does not exist on type 'unknown'.
__tests__/workers/web-workers.test.ts(1284,20): error TS2339: Property 'onmessage' does not exist on type 'unknown'.
__tests__/workers/web-workers.test.ts(1299,20): error TS2339: Property 'onmessage' does not exist on type 'unknown'.
__tests__/workers/web-workers.test.ts(1318,20): error TS2339: Property 'onmessage' does not exist on type 'unknown'.
__tests__/workers/web-workers.test.ts(1337,20): error TS2339: Property 'onmessage' does not exist on type 'unknown'.
__tests__/workers/web-workers.test.ts(1387,74): error TS2339: Property 'port' does not exist on type 'unknown'.
__tests__/workers/web-workers.test.ts(1403,74): error TS2339: Property 'port' does not exist on type 'unknown'.
__tests__/workers/web-workers.test.ts(1417,74): error TS2339: Property 'port' does not exist on type 'unknown'.
__tests__/workers/web-workers.test.ts(1448,74): error TS2339: Property 'port' does not exist on type 'unknown'.
__tests__/workers/web-workers.test.ts(1470,74): error TS2339: Property 'port' does not exist on type 'unknown'.
__tests__/workers/web-workers.test.ts(1490,74): error TS2339: Property 'port' does not exist on type 'unknown'.
__tests__/workers/web-workers.test.ts(1513,74): error TS2339: Property 'port' does not exist on type 'unknown'.
components/markov-blanket-visualization.tsx(167,31): error TS2345: Argument of type '{ internal_dimension: any; sensory_dimension: any; active_dimension: any; external_dimension: any; }' is not assignable to parameter of type 'SetStateAction<MarkovBlanketDimensions>'.
  Type '{ internal_dimension: any; sensory_dimension: any; active_dimension: any; external_dimension: any; }' is missing the following properties from type 'MarkovBlanketDimensions': internal_states, sensory_states, active_states, external_states
components/markov-blanket-visualization.tsx(480,27): error TS2339: Property 'acknowledged' does not exist on type 'BoundaryViolation | BoundaryViolationEvent'.
  Property 'acknowledged' does not exist on type 'BoundaryViolation'.
components/markov-blanket-visualization.tsx(498,85): error TS2339: Property 'toFixed' does not exist on type 'string | number'.
  Property 'toFixed' does not exist on type 'string'.
components/markov-blanket-visualization.tsx(543,64): error TS2339: Property 'acknowledged' does not exist on type 'BoundaryViolation | BoundaryViolationEvent'.
  Property 'acknowledged' does not exist on type 'BoundaryViolation'.
components/markov-blanket-visualization.tsx(545,12): error TS2365: Operator '>=' cannot be applied to types 'string | number' and 'number'.
components/markov-blanket-visualization.tsx(687,38): error TS2339: Property 'event_id' does not exist on type 'BoundaryViolation | BoundaryViolationEvent'.
  Property 'event_id' does not exist on type 'BoundaryViolation'.
components/markov-blanket-visualization.tsx(696,59): error TS2339: Property 'toFixed' does not exist on type 'string | number'.
  Property 'toFixed' does not exist on type 'string'.
components/markov-blanket-visualization.tsx(703,66): error TS2339: Property 'event_id' does not exist on type 'BoundaryViolation | BoundaryViolationEvent'.
  Property 'event_id' does not exist on type 'BoundaryViolation'.
lib/autonomous-conversation.ts(591,5): error TS2739: Type '{ id: string; name: string; inConversation: false; position: { x: number; y: number; }; color: string; knowledge: undefined[]; autonomyEnabled: true; }' is missing the following properties from type 'Agent': status, personality
lib/hooks/use-dashboard-data.ts(26,3): error TS2739: Type '{ id: string; name: string; biography: string; class: "explorer" | "scholar" | "guardian" | "merchant"; avatar: string; inConversation: boolean; position: { x: number; y: number; z?: number; }; color: string; knowledge: undefined[]; autonomyEnabled: boolean; toolPermissions: any; }' is missing the following properties from type 'Agent': status, personality
lib/hooks/use-dashboard-data.ts(138,18): error TS2554: Expected 2 arguments, but got 1.
lib/hooks/use-dashboard-data.ts(138,18): error TS2769: No overload matches this call.
  The last overload gave the following error.
    Argument of type 'Promise<Agent>' is not assignable to parameter of type 'UnknownAction'.
      Property 'type' is missing in type 'Promise<Agent>' but required in type 'UnknownAction'.
lib/hooks/use-dashboard-data.ts(139,69): error TS2345: Argument of type 'Partial<import("/Users/matthewmoroney/builds/FreeAgentics/web/lib/types").Agent>' is not assignable to parameter of type 'Partial<import("/Users/matthewmoroney/builds/FreeAgentics/web/lib/api/agents-api").Agent>'.
  Types of property 'status' are incompatible.
    Type '"error" | "idle" | "active" | "moving" | "interacting" | "planning" | "executing" | "learning" | "processing" | "typing" | "offline"' is not assignable to type '"error" | "idle" | "moving" | "interacting" | "planning" | "executing" | "learning" | "offline"'.
      Type '"active"' is not assignable to type '"error" | "idle" | "moving" | "interacting" | "planning" | "executing" | "learning" | "offline"'.
lib/hooks/use-dashboard-data.ts(141,18): error TS2554: Expected 2 arguments, but got 1.
lib/hooks/use-dashboard-data.ts(141,18): error TS2769: No overload matches this call.
  The last overload gave the following error.
    Argument of type 'Promise<Agent>' is not assignable to parameter of type 'UnknownAction'.
      Property 'type' is missing in type 'Promise<Agent>' but required in type 'UnknownAction'.
lib/hooks/use-dashboard-data.ts(175,18): error TS2554: Expected 2 arguments, but got 1.
lib/hooks/use-dashboard-data.ts(175,18): error TS2769: No overload matches this call.
  The last overload gave the following error.
    Argument of type 'Promise<void>' is not assignable to parameter of type 'UnknownAction'.
      Property 'type' is missing in type 'Promise<void>' but required in type 'UnknownAction'.
lib/hooks/use-dashboard-data.ts(196,18): error TS2554: Expected 2 arguments, but got 1.
lib/hooks/use-dashboard-data.ts(196,18): error TS2769: No overload matches this call.
  The last overload gave the following error.
    Argument of type 'Promise<void>' is not assignable to parameter of type 'UnknownAction'.
      Property 'type' is missing in type 'Promise<void>' but required in type 'UnknownAction'.
lib/services/agent-creation-service.ts(3,35): error TS2307: Cannot find module '../stores/dashboard-store' or its corresponding type declarations.
providers/DemoDataProvider.tsx(47,29): error TS2345: Argument of type 'DemoAgent' is not assignable to parameter of type 'Agent'.
  Type 'DemoAgent' is missing the following properties from type 'Agent': knowledge, personality
providers/DemoDataProvider.tsx(53,36): error TS2345: Argument of type 'DemoConversation' is not assignable to parameter of type 'Conversation'.
  Property 'endTime' is missing in type 'DemoConversation' but required in type 'Conversation'.
providers/DemoDataProvider.tsx(60,38): error TS2322: Type 'DemoKnowledgeNode[]' is not assignable to type 'Record<string, KnowledgeNode>'.
  Index signature for type 'string' is missing in type 'DemoKnowledgeNode[]'.
providers/DemoDataProvider.tsx(60,45): error TS2322: Type 'DemoKnowledgeEdge[]' is not assignable to type 'Record<string, KnowledgeEdge>'.
  Index signature for type 'string' is missing in type 'DemoKnowledgeEdge[]'.
store/slices/agentSlice.ts(139,3): error TS2739: Type '{ id: string; name: string; templateId: string; biography: string; knowledgeDomains: string[]; parameters: { responseThreshold: number; turnTakingProbability: number; conversationEngagement: number; }; ... 7 more ...; activityMetrics: { ...; }; }' is missing the following properties from type 'Agent': knowledge, position, personality
store/slices/agentSlice.ts(164,3): error TS2739: Type '{ id: string; name: string; templateId: string; biography: string; knowledgeDomains: string[]; parameters: { responseThreshold: number; turnTakingProbability: number; conversationEngagement: number; }; ... 7 more ...; activityMetrics: { ...; }; }' is missing the following properties from type 'Agent': knowledge, position, personality
store/slices/agentSlice.ts(189,3): error TS2739: Type '{ id: string; name: string; templateId: string; biography: string; knowledgeDomains: string[]; parameters: { responseThreshold: number; turnTakingProbability: number; conversationEngagement: number; }; ... 7 more ...; activityMetrics: { ...; }; }' is missing the following properties from type 'Agent': knowledge, position, personality
store/slices/agentSlice.ts(219,3): error TS2739: Type '{ id: string; name: string; templateId: string; biography: string; knowledgeDomains: string[]; parameters: { responseThreshold: number; turnTakingProbability: number; conversationEngagement: number; }; ... 7 more ...; activityMetrics: { ...; }; }' is missing the following properties from type 'Agent': knowledge, position, personality
store/slices/agentSlice.ts(277,13): error TS2739: Type '{ id: string; name: string; templateId: string; biography: string; knowledgeDomains: string[]; parameters: { responseThreshold: number; turnTakingProbability: number; conversationEngagement: number; }; ... 7 more ...; activityMetrics: { ...; }; }' is missing the following properties from type 'Agent': knowledge, position, personality
store/slices/agentSlice.ts(416,15): error TS2739: Type '{ id: string; name: string; templateId: string; biography: string; knowledgeDomains: string[]; parameters: { responseThreshold: number; turnTakingProbability: number; conversationEngagement: number; }; ... 7 more ...; activityMetrics: { ...; }; }' is missing the following properties from type 'Agent': knowledge, position, personality
